Copyright 1986-2022 Xilinx, Inc. All Rights Reserved. Copyright 2022-2023 Advanced Micro Devices, Inc. All Rights Reserved.
---------------------------------------------------------------------------------------------------------------------------------------------
| Tool Version : Vivado v.2023.2 (win64) Build 4029153 Fri Oct 13 20:14:34 MDT 2023
| Date         : Thu Mar 21 16:22:10 2024
| Host         : LAPTOP-L57NIJPM running 64-bit major release  (build 9200)
| Command      : report_utilization -file rfdc_ex_microblaze_0_0_utilization_synth.rpt -pb rfdc_ex_microblaze_0_0_utilization_synth.pb
| Design       : rfdc_ex_microblaze_0_0
| Device       : xczu67dr-fsve1156-2-i
| Speed File   : -2
| Design State : Synthesized
---------------------------------------------------------------------------------------------------------------------------------------------

Utilization Design Information

Table of Contents
-----------------
1. CLB Logic
1.1 Summary of Registers by Type
2. BLOCKRAM
3. ARITHMETIC
4. I/O
5. CLOCK
6. ADVANCED
7. CONFIGURATION
8. Primitives
9. Black Boxes
10. Instantiated Netlists

1. CLB Logic
------------

+----------------------------+------+-------+------------+-----------+-------+
|          Site Type         | Used | Fixed | Prohibited | Available | Util% |
+----------------------------+------+-------+------------+-----------+-------+
| CLB LUTs*                  | 1414 |     0 |          0 |    223680 |  0.63 |
|   LUT as Logic             | 1251 |     0 |          0 |    223680 |  0.56 |
|   LUT as Memory            |  163 |     0 |          0 |    109920 |  0.15 |
|     LUT as Distributed RAM |   64 |     0 |            |           |       |
|     LUT as Shift Register  |   99 |     0 |            |           |       |
| CLB Registers              | 1325 |     0 |          0 |    447360 |  0.30 |
|   Register as Flip Flop    | 1324 |     0 |          0 |    447360 |  0.30 |
|   Register as Latch        |    0 |     0 |          0 |    447360 |  0.00 |
|   Register as AND/OR       |    1 |     0 |          0 |    447360 | <0.01 |
| CARRY8                     |   25 |     0 |          0 |     27960 |  0.09 |
| F7 Muxes                   |  116 |     0 |          0 |    111840 |  0.10 |
| F8 Muxes                   |    1 |     0 |          0 |     55920 | <0.01 |
| F9 Muxes                   |    0 |     0 |          0 |     27960 |  0.00 |
+----------------------------+------+-------+------------+-----------+-------+
* Warning! The Final LUT count, after physical optimizations and full implementation, is typically lower. Run opt_design after synthesis, if not already completed, for a more realistic count.
Warning! LUT value is adjusted to account for LUT combining.


1.1 Summary of Registers by Type
--------------------------------

+-------+--------------+-------------+--------------+
| Total | Clock Enable | Synchronous | Asynchronous |
+-------+--------------+-------------+--------------+
| 1     |            _ |           - |            - |
| 0     |            _ |           - |          Set |
| 0     |            _ |           - |        Reset |
| 0     |            _ |         Set |            - |
| 0     |            _ |       Reset |            - |
| 0     |          Yes |           - |            - |
| 0     |          Yes |           - |          Set |
| 7     |          Yes |           - |        Reset |
| 69    |          Yes |         Set |            - |
| 1248  |          Yes |       Reset |            - |
+-------+--------------+-------------+--------------+


2. BLOCKRAM
-----------

+----------------+------+-------+------------+-----------+-------+
|    Site Type   | Used | Fixed | Prohibited | Available | Util% |
+----------------+------+-------+------------+-----------+-------+
| Block RAM Tile |    0 |     0 |          0 |       648 |  0.00 |
|   RAMB36/FIFO* |    0 |     0 |          0 |       648 |  0.00 |
|   RAMB18       |    0 |     0 |          0 |      1296 |  0.00 |
| URAM           |    0 |     0 |          0 |       160 |  0.00 |
+----------------+------+-------+------------+-----------+-------+
* Note: Each Block RAM Tile only has one FIFO logic available and therefore can accommodate only one FIFO36E2 or one FIFO18E2. However, if a FIFO18E2 occupies a Block RAM Tile, that tile can still accommodate a RAMB18E2


3. ARITHMETIC
-------------

+-----------+------+-------+------------+-----------+-------+
| Site Type | Used | Fixed | Prohibited | Available | Util% |
+-----------+------+-------+------------+-----------+-------+
| DSPs      |    0 |     0 |          0 |      1872 |  0.00 |
+-----------+------+-------+------------+-----------+-------+


4. I/O
------

+------------+------+-------+------------+-----------+-------+
|  Site Type | Used | Fixed | Prohibited | Available | Util% |
+------------+------+-------+------------+-----------+-------+
| Bonded IOB |    0 |     0 |          0 |       154 |  0.00 |
| RF_ADC     |    0 |     0 |          3 |         3 |  0.00 |
| RF_DAC     |    0 |     0 |          2 |         2 |  0.00 |
+------------+------+-------+------------+-----------+-------+


5. CLOCK
--------

+----------------------+------+-------+------------+-----------+-------+
|       Site Type      | Used | Fixed | Prohibited | Available | Util% |
+----------------------+------+-------+------------+-----------+-------+
| GLOBAL CLOCK BUFFERs |    0 |     0 |          0 |       424 |  0.00 |
|   BUFGCE             |    0 |     0 |          0 |       124 |  0.00 |
|   BUFGCE_DIV         |    0 |     0 |          0 |        20 |  0.00 |
|   BUFG_GT            |    0 |     0 |          0 |       168 |  0.00 |
|   BUFG_PS            |    0 |     0 |          0 |        72 |  0.00 |
|   BUFGCTRL*          |    0 |     0 |          0 |        40 |  0.00 |
| PLL                  |    0 |     0 |          0 |        10 |  0.00 |
| MMCM                 |    0 |     0 |          0 |         5 |  0.00 |
+----------------------+------+-------+------------+-----------+-------+
* Note: Each used BUFGCTRL counts as two GLOBAL CLOCK BUFFERs. This table does not include global clocking resources, only buffer cell usage. See the Clock Utilization Report (report_clock_utilization) for detailed accounting of global clocking resource availability.


6. ADVANCED
-----------

+-----------------+------+-------+------------+-----------+-------+
|    Site Type    | Used | Fixed | Prohibited | Available | Util% |
+-----------------+------+-------+------------+-----------+-------+
| CMACE4          |    0 |     0 |          0 |         1 |  0.00 |
| DFE_CFR         |    0 |     0 |          0 |         8 |  0.00 |
| DFE_DUC_DDC     |    0 |     0 |          0 |        10 |  0.00 |
| DFE_FFT         |    0 |     0 |          0 |        18 |  0.00 |
| DFE_FIR         |    0 |     0 |          0 |        10 |  0.00 |
| DFE_MATRIX_FIR  |    0 |     0 |          0 |        10 |  0.00 |
| DFE_NL_FIR      |    0 |     0 |          0 |        16 |  0.00 |
| DFE_PQ_DECIM    |    0 |     0 |          0 |        10 |  0.00 |
| DFE_PQ_INTERP   |    0 |     0 |          0 |         8 |  0.00 |
| DFE_PRACH       |    0 |     0 |          0 |         1 |  0.00 |
| GTYE4_CHANNEL   |    0 |     0 |          0 |         8 |  0.00 |
| GTYE4_COMMON    |    0 |     0 |          0 |         2 |  0.00 |
| OBUFDS_GTE4     |    0 |     0 |          0 |         4 |  0.00 |
| OBUFDS_GTE4_ADV |    0 |     0 |          0 |         4 |  0.00 |
| PS8             |    0 |     0 |          0 |         1 |  0.00 |
| RFADC           |    0 |     0 |          0 |         3 |  0.00 |
| RFDAC           |    0 |     0 |          0 |         2 |  0.00 |
| SYSMONE4        |    0 |     0 |          0 |         1 |  0.00 |
+-----------------+------+-------+------------+-----------+-------+


7. CONFIGURATION
----------------

+-------------+------+-------+------------+-----------+-------+
|  Site Type  | Used | Fixed | Prohibited | Available | Util% |
+-------------+------+-------+------------+-----------+-------+
| BSCANE2     |    0 |     0 |          0 |         4 |  0.00 |
| DNA_PORTE2  |    0 |     0 |          0 |         1 |  0.00 |
| EFUSE_USR   |    0 |     0 |          0 |         1 |  0.00 |
| FRAME_ECCE4 |    0 |     0 |          0 |         1 |  0.00 |
| ICAPE3      |    0 |     0 |          0 |         2 |  0.00 |
| MASTER_JTAG |    0 |     0 |          0 |         1 |  0.00 |
| STARTUPE3   |    0 |     0 |          0 |         1 |  0.00 |
+-------------+------+-------+------------+-----------+-------+


8. Primitives
-------------

+----------+------+---------------------+
| Ref Name | Used | Functional Category |
+----------+------+---------------------+
| FDRE     | 1248 |            Register |
| LUT6     |  432 |                 CLB |
| LUT5     |  371 |                 CLB |
| LUT4     |  307 |                 CLB |
| LUT3     |  223 |                 CLB |
| LUT2     |  182 |                 CLB |
| MUXF7    |  116 |                 CLB |
| RAMD32   |   96 |                 CLB |
| SRL16E   |   91 |                 CLB |
| FDSE     |   69 |            Register |
| RAMS32   |   32 |                 CLB |
| CARRY8   |   25 |                 CLB |
| LUT1     |   13 |                 CLB |
| SRLC16E  |    8 |                 CLB |
| FDCE     |    7 |            Register |
| MUXF8    |    1 |                 CLB |
| AND2B1L  |    1 |              Others |
+----------+------+---------------------+


9. Black Boxes
--------------

+----------+------+
| Ref Name | Used |
+----------+------+


10. Instantiated Netlists
-------------------------

+----------+------+
| Ref Name | Used |
+----------+------+


