# Copyright (C) 1994-2020, Concept Engineering GmbH.
# All Rights Reserved.  Cmd=logfile.
# Nlview 7.0r6  2020-01-29 bk=1.5227 VDI=41 GEI=36 GUI=JA:10.0 non-TLS
# License cookie [G|T|S|B|*] for HR="Xilinx Inc."
# -----------------------------------------------------------------------------
# -----------------------------------------------------------------------------
property attrfontsize 8
property fillcolor1
#R #441133
property fillcolor5
#R #651b4d
property -colorscheme lightblue
property shadowstyle 1
property showpinname 5
property showcellname 1
property showattribute 1
property showinstname 1
property boxminwidth 40
property boxminheight 40
#CMD bind stroke-1 -action {}
#CMD bind stroke-nw-1 -action callback -echo_type line -echo_text {Zoom fit}
#CMD bind stroke-nw-1 -action zoom_fit -echo_type line -echo_text {Zoom fit}
#CMD bind stroke-ne-1 -action zoom_out -echo_type line -echo_text {Zoom -%z}
#CMD bind stroke-se-1 -action zoom_in -echo_type rectangle -autoscroll -echo_text {Zoom area}
#CMD bind stroke-sw-1 -action zoom_in2 -echo_type line -echo_text {Zoom +%z}
module new rfconverter -nosplit
#  * Current module is rfconverter 
load symbol TILE_SYMBOL v HIERBOX port tilePin in port pllTilePin in
increment -const
load symbol TILE_PLL syn HIERGEN port LEFT in.left.sq port RIGHT out.right.sq attrdsp @cell -lc 50 50 14
load symbol TILE_TYPE syn HIERGEN port LEFT in.left.sq attrdsp @cell -lc 50 50 14
load inst Tile_224 TILE_SYMBOL v -pg 1 -y 1 -x 1 -resize 200 200 -autohide -attr @cell Tile_224 -attr @name {} -attr @fillcolor #f9f7f7
attribute {pin Tile_224 tilePin } -attr @name {}
attribute {hierPin Tile_224 tilePin } -attr @name {}
attribute {pin Tile_224 pllTilePin } -attr @name {}
attribute {hierPin Tile_224 pllTilePin } -attr @name {}
load port Tile_224_clk in -pg 1 -y 10 -x 1 -attr @fillcolor #3a5fcd
load inst Tile_224_PLL TILE_PLL syn -hier Tile_224 -pg 1 -y 1 -x 11 -resize 80 80 -attr @cell PLL -attr @name {} -attr @fillcolor #ffffff
attribute {pin Tile_224_PLL LEFT} -attr @name {}
attribute {pin Tile_224_PLL RIGHT} -attr @name {}
attribute {pin Tile_224_PLL LEFT} -attr @fillcolor #ffffff
attribute {pin Tile_224_PLL RIGHT} -attr @fillcolor #ffffff
load inst Tile_224_Type TILE_TYPE syn -hier Tile_224 -pg 1 -y 1 -x 100 -resize 80 80 -attr @cell ADC -attr @name {} -attr @fillcolor #ffffff
attribute {pin Tile_224_Type LEFT} -attr @name {}
attribute {pin Tile_224_Type LEFT} -attr @fillcolor #ffffff
load inst Tile_225 TILE_SYMBOL v -pg 1 -y 2 -x 1 -resize 200 200 -autohide -attr @cell Tile_225 -attr @name {} -attr @fillcolor #f9f7f7
attribute {pin Tile_225 tilePin } -attr @name {}
attribute {hierPin Tile_225 tilePin } -attr @name {}
attribute {pin Tile_225 pllTilePin } -attr @name {}
attribute {hierPin Tile_225 pllTilePin } -attr @name {}
load port Tile_225_clk in -pg 1 -y 170 -x 1 -attr @fillcolor #3a5fcd
load inst Tile_225_PLL TILE_PLL syn -hier Tile_225 -pg 1 -y 1 -x 11 -resize 80 80 -attr @cell PLL -attr @name {} -attr @fillcolor #ffffff
attribute {pin Tile_225_PLL LEFT} -attr @name {}
attribute {pin Tile_225_PLL RIGHT} -attr @name {}
attribute {pin Tile_225_PLL LEFT} -attr @fillcolor #ffffff
attribute {pin Tile_225_PLL RIGHT} -attr @fillcolor #ffffff
load inst Tile_225_Type TILE_TYPE syn -hier Tile_225 -pg 1 -y 1 -x 100 -resize 80 80 -attr @cell ADC -attr @name {} -attr @fillcolor #ffffff
attribute {pin Tile_225_Type LEFT} -attr @name {}
attribute {pin Tile_225_Type LEFT} -attr @fillcolor #ffffff
load inst Tile_226 TILE_SYMBOL v -pg 1 -y 3 -x 1 -resize 200 200 -autohide -attr @cell Tile_226 -attr @name {} -attr @fillcolor #f9f7f7
attribute {pin Tile_226 tilePin } -attr @name {}
attribute {hierPin Tile_226 tilePin } -attr @name {}
attribute {pin Tile_226 pllTilePin } -attr @name {}
attribute {hierPin Tile_226 pllTilePin } -attr @name {}
load port Tile_226_clk in -pg 1 -y 330 -x 1 -attr @fillcolor #3a5fcd
load inst Tile_226_PLL TILE_PLL syn -hier Tile_226 -pg 1 -y 1 -x 11 -resize 80 80 -attr @cell PLL -attr @name {} -attr @fillcolor #ffffff
attribute {pin Tile_226_PLL LEFT} -attr @name {}
attribute {pin Tile_226_PLL RIGHT} -attr @name {}
attribute {pin Tile_226_PLL LEFT} -attr @fillcolor #ffffff
attribute {pin Tile_226_PLL RIGHT} -attr @fillcolor #ffffff
load inst Tile_226_Type TILE_TYPE syn -hier Tile_226 -pg 1 -y 1 -x 100 -resize 80 80 -attr @cell ADC -attr @name {} -attr @fillcolor #ffffff
attribute {pin Tile_226_Type LEFT} -attr @name {}
attribute {pin Tile_226_Type LEFT} -attr @fillcolor #ffffff
load inst Tile_227 TILE_SYMBOL v -pg 1 -y 4 -x 1 -resize 200 200 -autohide -attr @cell Tile_227 -attr @name {} -attr @fillcolor #f9f7f7
attribute {pin Tile_227 tilePin } -attr @name {}
attribute {hierPin Tile_227 tilePin } -attr @name {}
attribute {pin Tile_227 pllTilePin } -attr @name {}
attribute {hierPin Tile_227 pllTilePin } -attr @name {}
load port Tile_227_clk in -pg 1 -y 490 -x 1 -attr @fillcolor #3a5fcd
load inst Tile_227_PLL TILE_PLL syn -hier Tile_227 -pg 1 -y 1 -x 11 -resize 80 80 -attr @cell PLL -attr @name {} -attr @fillcolor #ffffff
attribute {pin Tile_227_PLL LEFT} -attr @name {}
attribute {pin Tile_227_PLL RIGHT} -attr @name {}
attribute {pin Tile_227_PLL LEFT} -attr @fillcolor #ffffff
attribute {pin Tile_227_PLL RIGHT} -attr @fillcolor #ffffff
load inst Tile_227_Type TILE_TYPE syn -hier Tile_227 -pg 1 -y 1 -x 100 -resize 80 80 -attr @cell DAC -attr @name {} -attr @fillcolor #ffffff
attribute {pin Tile_227_Type LEFT} -attr @name {}
attribute {pin Tile_227_Type LEFT} -attr @fillcolor #ffffff
load inst Tile_228 TILE_SYMBOL v -pg 1 -y 5 -x 1 -resize 200 200 -autohide -attr @cell Tile_228 -attr @name {} -attr @fillcolor #f9f7f7
attribute {pin Tile_228 tilePin } -attr @name {}
attribute {hierPin Tile_228 tilePin } -attr @name {}
attribute {pin Tile_228 pllTilePin } -attr @name {}
attribute {hierPin Tile_228 pllTilePin } -attr @name {}
load port Tile_228_clk in -pg 1 -y 650 -x 1 -attr @fillcolor #3a5fcd
load inst Tile_228_PLL TILE_PLL syn -hier Tile_228 -pg 1 -y 1 -x 11 -resize 80 80 -attr @cell PLL -attr @name {} -attr @fillcolor #ffffff
attribute {pin Tile_228_PLL LEFT} -attr @name {}
attribute {pin Tile_228_PLL RIGHT} -attr @name {}
attribute {pin Tile_228_PLL LEFT} -attr @fillcolor #ffffff
attribute {pin Tile_228_PLL RIGHT} -attr @fillcolor #ffffff
load inst Tile_228_Type TILE_TYPE syn -hier Tile_228 -pg 1 -y 1 -x 100 -resize 80 80 -attr @cell DAC -attr @name {} -attr @fillcolor #ffffff
attribute {pin Tile_228_Type LEFT} -attr @name {}
attribute {pin Tile_228_Type LEFT} -attr @fillcolor #ffffff
show
# Starting Split Pages                                                  101.44
# NoSplit 20 Comps, 0 Nets 0 NetBundles                                 101.44
# End of Split Pages                                                    101.44
# Generating Regions for Page 1:   20 Comps,    0 Nets                  101.44
# Analyze                                                               101.44
# Levelize                                                              101.44
# End of LevelAssign mode=I, 3 Levels, 2 Comps, limit=30000             101.44
# Nets                                                                  101.44
# Place                                                                 101.44
# PlaceNets                                                             101.44
# SpaceY                                                                101.44
# Track                                                                 101.44
# SpaceX                                                                101.44
# Wire                                                                  101.44
# End of Wire: 0 nets, 0 ch, wire: 0-->0 (0 with wbits)                 101.44
# End of doGenerate                                                     101.44
# Analyze                                                               101.44
# Levelize                                                              101.44
# End of LevelAssign mode=I, 3 Levels, 2 Comps, limit=30000             101.44
# Nets                                                                  101.44
# Place                                                                 101.44
# PlaceNets                                                             101.44
# SpaceY                                                                101.44
# Track                                                                 101.44
# SpaceX                                                                101.44
# Wire                                                                  101.44
# End of Wire: 0 nets, 0 ch, wire: 0-->0 (0 with wbits)                 101.44
# End of doGenerate                                                     101.44
# Analyze                                                               101.44
# Levelize                                                              101.44
# End of LevelAssign mode=I, 3 Levels, 2 Comps, limit=30000             101.44
# Nets                                                                  101.44
# Place                                                                 101.44
# PlaceNets                                                             101.44
# SpaceY                                                                101.44
# Track                                                                 101.44
# SpaceX                                                                101.44
# Wire                                                                  101.44
# End of Wire: 0 nets, 0 ch, wire: 0-->0 (0 with wbits)                 101.44
# End of doGenerate                                                     101.44
# Analyze                                                               101.44
# Levelize                                                              101.44
# End of LevelAssign mode=I, 3 Levels, 2 Comps, limit=30000             101.44
# Nets                                                                  101.44
# Place                                                                 101.44
# PlaceNets                                                             101.44
# SpaceY                                                                101.44
# Track                                                                 101.44
# SpaceX                                                                101.44
# Wire                                                                  101.44
# End of Wire: 0 nets, 0 ch, wire: 0-->0 (0 with wbits)                 101.44
# End of doGenerate                                                     101.44
# Analyze                                                               101.44
# Levelize                                                              101.44
# End of LevelAssign mode=I, 3 Levels, 2 Comps, limit=30000             101.44
# Nets                                                                  101.44
# Place                                                                 101.44
# PlaceNets                                                             101.44
# SpaceY                                                                101.44
# Track                                                                 101.44
# SpaceX                                                                101.44
# Wire                                                                  101.44
# End of Wire: 0 nets, 0 ch, wire: 0-->0 (0 with wbits)                 101.44
# End of doGenerate                                                     101.44
# Analyze                                                               101.44
# Levelize                                                              101.44
# End of LevelAssign mode=I, 2 Levels, 10 Comps, limit=30000            101.44
# Nets                                                                  101.44
# Place                                                                 101.44
# PlaceNets                                                             101.44
# SpaceY                                                                101.44
# Track                                                                 101.44
# SpaceX                                                                101.44
# Wire                                                                  101.44
# End of Wire: 0 nets, 0 ch, wire: 0-->0 (0 with wbits)                 101.44
# End of doGenerate                                                     101.44
# End of Generating Regions for Page 1                                  101.44
scrollpos 44 280
zoom -x 0 -y 0 0.5
scrollpos 28 175
#R 0.5
#CMD scrollpos 0 0
scrollpos 0 0
increment -const
load net Tile_227.clk.tile.net -port Tile_227_clk -pin Tile_227 tilePin
load net Tile_227.clk.tile.type.net -hierPin Tile_227 tilePin -pin Tile_227_Type LEFT
show
# Starting Split Pages                                                  102.06
# NoSplit 20 Comps, 2 Nets 0 NetBundles                                 102.06
# End of Split Pages                                                    102.06
# Generating Regions for Page 1:   20 Comps,    2 Nets                  102.06
# Analyze                                                               102.06
# Levelize                                                              102.06
# End of LevelAssign mode=I, 3 Levels, 2 Comps, limit=30000             102.06
# Nets                                                                  102.06
# Place                                                                 102.06
# PlaceNets                                                             102.06
# SpaceY                                                                102.06
# Track                                                                 102.06
# SpaceX                                                                102.06
# Wire                                                                  102.06
# End of Wire: 0 nets, 0 ch, wire: 0-->0 (0 with wbits)                 102.06
# End of doGenerate                                                     102.06
# Analyze                                                               102.06
# Levelize                                                              102.06
# End of LevelAssign mode=I, 3 Levels, 3 Comps, limit=30000             102.06
# Nets                                                                  102.06
# Place                                                                 102.06
# PlaceNets                                                             102.06
# SpaceY                                                                102.06
# Track                                                                 102.06
# SpaceX                                                                102.06
# Wire                                                                  102.06
# End of Wire: 1 nets, 2 ch, wire: 6-->4 (0 with wbits)                 102.06
# End of doGenerate                                                     102.06
# Analyze                                                               102.06
# Levelize                                                              102.06
# End of LevelAssign mode=I, 3 Levels, 2 Comps, limit=30000             102.06
# Nets                                                                  102.06
# Place                                                                 102.06
# PlaceNets                                                             102.06
# SpaceY                                                                102.06
# Track                                                                 102.06
# SpaceX                                                                102.06
# Wire                                                                  102.06
# End of Wire: 0 nets, 0 ch, wire: 0-->0 (0 with wbits)                 102.06
# End of doGenerate                                                     102.06
# Analyze                                                               102.06
# Levelize                                                              102.06
# End of LevelAssign mode=I, 3 Levels, 2 Comps, limit=30000             102.06
# Nets                                                                  102.06
# Place                                                                 102.06
# PlaceNets                                                             102.06
# SpaceY                                                                102.06
# Track                                                                 102.06
# SpaceX                                                                102.06
# Wire                                                                  102.06
# End of Wire: 0 nets, 0 ch, wire: 0-->0 (0 with wbits)                 102.06
# End of doGenerate                                                     102.06
# Analyze                                                               102.06
# Levelize                                                              102.06
# End of LevelAssign mode=I, 3 Levels, 2 Comps, limit=30000             102.06
# Nets                                                                  102.06
# Place                                                                 102.06
# PlaceNets                                                             102.06
# SpaceY                                                                102.06
# Track                                                                 102.06
# SpaceX                                                                102.06
# Wire                                                                  102.06
# End of Wire: 0 nets, 0 ch, wire: 0-->0 (0 with wbits)                 102.06
# End of doGenerate                                                     102.06
# Analyze                                                               102.06
# Levelize                                                              102.06
# End of LevelAssign mode=I, 2 Levels, 10 Comps, limit=30000            102.06
# Nets                                                                  102.06
# Place                                                                 102.06
# PlaceNets                                                             102.06
# SpaceY                                                                102.06
# Track                                                                 102.06
# SpaceX                                                                102.06
# Wire                                                                  102.06
# End of Wire: 1 nets, 1 ch, wire: 4-->4 (0 with wbits)                 102.06
# End of doGenerate                                                     102.06
# End of Generating Regions for Page 1                                  102.06
scrollpos -234 -340
scrollpos -233 -340
fullfit
scrollpos -197 -52
scrollpos -197 -52
scrollpos -204 -53
increment -const
unload net Tile_227.clk.tile.net
increment -const
unload net Tile_227.clk.tile.type.net
increment -const
load net Tile_224.clk.tile.net -port Tile_224_clk -pin Tile_224 tilePin
load net Tile_224.clk.tile.type.net -hierPin Tile_224 tilePin -pin Tile_224_Type LEFT
load net Tile_227.clk.tile.net -port Tile_227_clk -pin Tile_227 tilePin
load net Tile_227.clk.tile.type.net -hierPin Tile_227 tilePin -pin Tile_227_Type LEFT
show
# Starting Split Pages                                                  103.34
# NoSplit 20 Comps, 4 Nets 0 NetBundles                                 103.34
# End of Split Pages                                                    103.34
# Generating Regions for Page 1:   20 Comps,    4 Nets                  103.34
# Analyze                                                               103.34
# Levelize                                                              103.34
# End of LevelAssign mode=I, 3 Levels, 2 Comps, limit=30000             103.34
# Nets                                                                  103.34
# Place                                                                 103.34
# PlaceNets                                                             103.34
# SpaceY                                                                103.34
# Track                                                                 103.34
# SpaceX                                                                103.34
# Wire                                                                  103.34
# End of Wire: 0 nets, 0 ch, wire: 0-->0 (0 with wbits)                 103.34
# End of doGenerate                                                     103.34
# Analyze                                                               103.34
# Levelize                                                              103.34
# End of LevelAssign mode=I, 3 Levels, 3 Comps, limit=30000             103.34
# Nets                                                                  103.34
# Place                                                                 103.34
# PlaceNets                                                             103.34
# SpaceY                                                                103.34
# Track                                                                 103.34
# SpaceX                                                                103.34
# Wire                                                                  103.34
# End of Wire: 1 nets, 2 ch, wire: 8-->6 (0 with wbits)                 103.34
# End of doGenerate                                                     103.34
# Analyze                                                               103.34
# Levelize                                                              103.34
# End of LevelAssign mode=I, 3 Levels, 2 Comps, limit=30000             103.34
# Nets                                                                  103.34
# Place                                                                 103.34
# PlaceNets                                                             103.34
# SpaceY                                                                103.34
# Track                                                                 103.34
# SpaceX                                                                103.34
# Wire                                                                  103.34
# End of Wire: 0 nets, 0 ch, wire: 0-->0 (0 with wbits)                 103.34
# End of doGenerate                                                     103.34
# Analyze                                                               103.34
# Levelize                                                              103.34
# End of LevelAssign mode=I, 3 Levels, 2 Comps, limit=30000             103.34
# Nets                                                                  103.34
# Place                                                                 103.34
# PlaceNets                                                             103.34
# SpaceY                                                                103.34
# Track                                                                 103.34
# SpaceX                                                                103.34
# Wire                                                                  103.34
# End of Wire: 0 nets, 0 ch, wire: 0-->0 (0 with wbits)                 103.34
# End of doGenerate                                                     103.34
# Analyze                                                               103.34
# Levelize                                                              103.34
# End of LevelAssign mode=I, 3 Levels, 3 Comps, limit=30000             103.34
# Nets                                                                  103.34
# Place                                                                 103.34
# PlaceNets                                                             103.34
# SpaceY                                                                103.34
# Track                                                                 103.34
# SpaceX                                                                103.34
# Wire                                                                  103.34
# End of Wire: 1 nets, 2 ch, wire: 6-->4 (0 with wbits)                 103.34
# End of doGenerate                                                     103.34
# Analyze                                                               103.34
# Levelize                                                              103.34
# End of LevelAssign mode=I, 2 Levels, 10 Comps, limit=30000            103.34
# Nets                                                                  103.34
# Place                                                                 103.34
# PlaceNets                                                             103.34
# SpaceY                                                                103.34
# Track                                                                 103.34
# SpaceX                                                                103.34
# Wire                                                                  103.34
# End of Wire: 2 nets, 2 ch, wire: 8-->8 (0 with wbits)                 103.34
# End of doGenerate                                                     103.34
# End of Generating Regions for Page 1                                  103.34
increment -const
unload net Tile_227.clk.tile.net
increment -const
unload net Tile_227.clk.tile.type.net
increment -const
unload net Tile_224.clk.tile.net
increment -const
unload net Tile_224.clk.tile.type.net
increment -const
load net Tile_224.clk.tile.net -port Tile_224_clk -pin Tile_224 tilePin
load net Tile_224.clk.tile.type.net -hierPin Tile_224 tilePin -pin Tile_224_Type LEFT
load net Tile_227.clk.tile.net -port Tile_227_clk -pin Tile_227 tilePin
load net Tile_227.clk.tile.type.net -hierPin Tile_227 tilePin -pin Tile_227_Type LEFT
show
# Starting Split Pages                                                  103.69
# NoSplit 20 Comps, 4 Nets 0 NetBundles                                 103.69
# End of Split Pages                                                    103.69
# Generating Regions for Page 1:   20 Comps,    4 Nets                  103.69
# Analyze                                                               103.69
# Levelize                                                              103.69
# End of LevelAssign mode=I, 3 Levels, 2 Comps, limit=30000             103.69
# Nets                                                                  103.69
# Place                                                                 103.69
# PlaceNets                                                             103.69
# SpaceY                                                                103.69
# Track                                                                 103.69
# SpaceX                                                                103.69
# Wire                                                                  103.69
# End of Wire: 0 nets, 0 ch, wire: 0-->0 (0 with wbits)                 103.69
# End of doGenerate                                                     103.69
# Analyze                                                               103.69
# Levelize                                                              103.69
# End of LevelAssign mode=I, 3 Levels, 3 Comps, limit=30000             103.69
# Nets                                                                  103.69
# Place                                                                 103.69
# PlaceNets                                                             103.69
# SpaceY                                                                103.69
# Track                                                                 103.69
# SpaceX                                                                103.69
# Wire                                                                  103.69
# End of Wire: 1 nets, 2 ch, wire: 8-->6 (0 with wbits)                 103.69
# End of doGenerate                                                     103.69
# Analyze                                                               103.69
# Levelize                                                              103.69
# End of LevelAssign mode=I, 3 Levels, 2 Comps, limit=30000             103.69
# Nets                                                                  103.69
# Place                                                                 103.69
# PlaceNets                                                             103.69
# SpaceY                                                                103.69
# Track                                                                 103.69
# SpaceX                                                                103.69
# Wire                                                                  103.69
# End of Wire: 0 nets, 0 ch, wire: 0-->0 (0 with wbits)                 103.69
# End of doGenerate                                                     103.69
# Analyze                                                               103.69
# Levelize                                                              103.69
# End of LevelAssign mode=I, 3 Levels, 2 Comps, limit=30000             103.69
# Nets                                                                  103.69
# Place                                                                 103.69
# PlaceNets                                                             103.69
# SpaceY                                                                103.69
# Track                                                                 103.69
# SpaceX                                                                103.69
# Wire                                                                  103.69
# End of Wire: 0 nets, 0 ch, wire: 0-->0 (0 with wbits)                 103.69
# End of doGenerate                                                     103.69
# Analyze                                                               103.69
# Levelize                                                              103.69
# End of LevelAssign mode=I, 3 Levels, 3 Comps, limit=30000             103.69
# Nets                                                                  103.69
# Place                                                                 103.69
# PlaceNets                                                             103.69
# SpaceY                                                                103.69
# Track                                                                 103.69
# SpaceX                                                                103.69
# Wire                                                                  103.69
# End of Wire: 1 nets, 2 ch, wire: 8-->6 (0 with wbits)                 103.69
# End of doGenerate                                                     103.69
# Analyze                                                               103.69
# Levelize                                                              103.69
# End of LevelAssign mode=I, 2 Levels, 10 Comps, limit=30000            103.69
# Nets                                                                  103.69
# Place                                                                 103.69
# PlaceNets                                                             103.69
# SpaceY                                                                103.69
# Track                                                                 103.69
# SpaceX                                                                103.69
# Wire                                                                  103.69
# End of Wire: 2 nets, 2 ch, wire: 8-->8 (0 with wbits)                 103.69
# End of doGenerate                                                     103.69
# End of Generating Regions for Page 1                                  103.69
increment -const
unload net Tile_227.clk.tile.net
increment -const
unload net Tile_227.clk.tile.type.net
increment -const
unload net Tile_224.clk.tile.net
increment -const
unload net Tile_224.clk.tile.type.net
increment -const
load net Tile_224.clk.tile.net -port Tile_224_clk -pin Tile_224 tilePin
load net Tile_224.clk.tile.type.net -hierPin Tile_224 tilePin -pin Tile_224_Type LEFT
load net Tile_227.clk.tile.net -port Tile_227_clk -pin Tile_227 tilePin
load net Tile_227.clk.tile.type.net -hierPin Tile_227 tilePin -pin Tile_227_Type LEFT
show
# Starting Split Pages                                                  104.01
# NoSplit 20 Comps, 4 Nets 0 NetBundles                                 104.01
# End of Split Pages                                                    104.01
# Generating Regions for Page 1:   20 Comps,    4 Nets                  104.01
# Analyze                                                               104.01
# Levelize                                                              104.01
# End of LevelAssign mode=I, 3 Levels, 2 Comps, limit=30000             104.01
# Nets                                                                  104.01
# Place                                                                 104.01
# PlaceNets                                                             104.01
# SpaceY                                                                104.01
# Track                                                                 104.01
# SpaceX                                                                104.01
# Wire                                                                  104.01
# End of Wire: 0 nets, 0 ch, wire: 0-->0 (0 with wbits)                 104.01
# End of doGenerate                                                     104.01
# Analyze                                                               104.01
# Levelize                                                              104.01
# End of LevelAssign mode=I, 3 Levels, 3 Comps, limit=30000             104.01
# Nets                                                                  104.01
# Place                                                                 104.01
# PlaceNets                                                             104.01
# SpaceY                                                                104.01
# Track                                                                 104.01
# SpaceX                                                                104.01
# Wire                                                                  104.01
# End of Wire: 1 nets, 2 ch, wire: 8-->6 (0 with wbits)                 104.01
# End of doGenerate                                                     104.01
# Analyze                                                               104.01
# Levelize                                                              104.01
# End of LevelAssign mode=I, 3 Levels, 2 Comps, limit=30000             104.01
# Nets                                                                  104.01
# Place                                                                 104.01
# PlaceNets                                                             104.01
# SpaceY                                                                104.01
# Track                                                                 104.01
# SpaceX                                                                104.01
# Wire                                                                  104.01
# End of Wire: 0 nets, 0 ch, wire: 0-->0 (0 with wbits)                 104.01
# End of doGenerate                                                     104.01
# Analyze                                                               104.01
# Levelize                                                              104.01
# End of LevelAssign mode=I, 3 Levels, 2 Comps, limit=30000             104.01
# Nets                                                                  104.01
# Place                                                                 104.01
# PlaceNets                                                             104.01
# SpaceY                                                                104.01
# Track                                                                 104.01
# SpaceX                                                                104.01
# Wire                                                                  104.01
# End of Wire: 0 nets, 0 ch, wire: 0-->0 (0 with wbits)                 104.01
# End of doGenerate                                                     104.01
# Analyze                                                               104.01
# Levelize                                                              104.01
# End of LevelAssign mode=I, 3 Levels, 3 Comps, limit=30000             104.01
# Nets                                                                  104.01
# Place                                                                 104.01
# PlaceNets                                                             104.01
# SpaceY                                                                104.01
# Track                                                                 104.01
# SpaceX                                                                104.01
# Wire                                                                  104.01
# End of Wire: 1 nets, 2 ch, wire: 8-->6 (0 with wbits)                 104.01
# End of doGenerate                                                     104.01
# Analyze                                                               104.01
# Levelize                                                              104.01
# End of LevelAssign mode=I, 2 Levels, 10 Comps, limit=30000            104.01
# Nets                                                                  104.01
# Place                                                                 104.01
# PlaceNets                                                             104.01
# SpaceY                                                                104.01
# Track                                                                 104.01
# SpaceX                                                                104.01
# Wire                                                                  104.01
# End of Wire: 2 nets, 2 ch, wire: 8-->8 (0 with wbits)                 104.01
# End of doGenerate                                                     104.01
# End of Generating Regions for Page 1                                  104.01
increment -const
unload net Tile_227.clk.tile.net
increment -const
unload net Tile_227.clk.tile.type.net
increment -const
unload net Tile_224.clk.tile.net
increment -const
unload net Tile_224.clk.tile.type.net
increment -const
load net Tile_224.clk.tile.net -port Tile_224_clk -pin Tile_224 tilePin
load net Tile_224.clk.tile.type.net -hierPin Tile_224 tilePin -pin Tile_224_Type LEFT
load net Tile_227.clk.tile.net -port Tile_227_clk -pin Tile_227 tilePin
load net Tile_227.clk.tile.type.net -hierPin Tile_227 tilePin -pin Tile_227_Type LEFT
show
# Starting Split Pages                                                  104.67
# NoSplit 20 Comps, 4 Nets 0 NetBundles                                 104.67
# End of Split Pages                                                    104.67
# Generating Regions for Page 1:   20 Comps,    4 Nets                  104.67
# Analyze                                                               104.67
# Levelize                                                              104.67
# End of LevelAssign mode=I, 3 Levels, 2 Comps, limit=30000             104.67
# Nets                                                                  104.67
# Place                                                                 104.67
# PlaceNets                                                             104.67
# SpaceY                                                                104.67
# Track                                                                 104.67
# SpaceX                                                                104.67
# Wire                                                                  104.67
# End of Wire: 0 nets, 0 ch, wire: 0-->0 (0 with wbits)                 104.67
# End of doGenerate                                                     104.67
# Analyze                                                               104.67
# Levelize                                                              104.67
# End of LevelAssign mode=I, 3 Levels, 3 Comps, limit=30000             104.67
# Nets                                                                  104.67
# Place                                                                 104.67
# PlaceNets                                                             104.67
# SpaceY                                                                104.67
# Track                                                                 104.67
# SpaceX                                                                104.67
# Wire                                                                  104.67
# End of Wire: 1 nets, 2 ch, wire: 8-->6 (0 with wbits)                 104.67
# End of doGenerate                                                     104.67
# Analyze                                                               104.67
# Levelize                                                              104.67
# End of LevelAssign mode=I, 3 Levels, 2 Comps, limit=30000             104.67
# Nets                                                                  104.67
# Place                                                                 104.67
# PlaceNets                                                             104.67
# SpaceY                                                                104.67
# Track                                                                 104.67
# SpaceX                                                                104.67
# Wire                                                                  104.67
# End of Wire: 0 nets, 0 ch, wire: 0-->0 (0 with wbits)                 104.67
# End of doGenerate                                                     104.67
# Analyze                                                               104.67
# Levelize                                                              104.67
# End of LevelAssign mode=I, 3 Levels, 2 Comps, limit=30000             104.67
# Nets                                                                  104.67
# Place                                                                 104.67
# PlaceNets                                                             104.67
# SpaceY                                                                104.67
# Track                                                                 104.67
# SpaceX                                                                104.67
# Wire                                                                  104.67
# End of Wire: 0 nets, 0 ch, wire: 0-->0 (0 with wbits)                 104.67
# End of doGenerate                                                     104.67
# Analyze                                                               104.67
# Levelize                                                              104.67
# End of LevelAssign mode=I, 3 Levels, 3 Comps, limit=30000             104.67
# Nets                                                                  104.67
# Place                                                                 104.67
# PlaceNets                                                             104.67
# SpaceY                                                                104.67
# Track                                                                 104.67
# SpaceX                                                                104.67
# Wire                                                                  104.67
# End of Wire: 1 nets, 2 ch, wire: 8-->6 (0 with wbits)                 104.67
# End of doGenerate                                                     104.67
# Analyze                                                               104.67
# Levelize                                                              104.67
# End of LevelAssign mode=I, 2 Levels, 10 Comps, limit=30000            104.67
# Nets                                                                  104.67
# Place                                                                 104.67
# PlaceNets                                                             104.67
# SpaceY                                                                104.67
# Track                                                                 104.67
# SpaceX                                                                104.67
# Wire                                                                  104.67
# End of Wire: 2 nets, 2 ch, wire: 8-->8 (0 with wbits)                 104.67
# End of doGenerate                                                     104.67
# End of Generating Regions for Page 1                                  104.67
increment -const
unload net Tile_227.clk.tile.net
increment -const
unload net Tile_227.clk.tile.type.net
increment -const
unload net Tile_224.clk.tile.net
increment -const
unload net Tile_224.clk.tile.type.net
increment -const
load net Tile_224.clk.tile.net -port Tile_224_clk -pin Tile_224 tilePin
load net Tile_224.clk.tile.type.net -hierPin Tile_224 tilePin -pin Tile_224_Type LEFT
load net Tile_227.clk.tile.net -port Tile_227_clk -pin Tile_227 tilePin
load net Tile_227.clk.tile.type.net -hierPin Tile_227 tilePin -pin Tile_227_Type LEFT
show
# Starting Split Pages                                                  105.01
# NoSplit 20 Comps, 4 Nets 0 NetBundles                                 105.01
# End of Split Pages                                                    105.01
# Generating Regions for Page 1:   20 Comps,    4 Nets                  105.01
# Analyze                                                               105.01
# Levelize                                                              105.01
# End of LevelAssign mode=I, 3 Levels, 2 Comps, limit=30000             105.01
# Nets                                                                  105.01
# Place                                                                 105.01
# PlaceNets                                                             105.01
# SpaceY                                                                105.01
# Track                                                                 105.01
# SpaceX                                                                105.01
# Wire                                                                  105.01
# End of Wire: 0 nets, 0 ch, wire: 0-->0 (0 with wbits)                 105.01
# End of doGenerate                                                     105.01
# Analyze                                                               105.01
# Levelize                                                              105.01
# End of LevelAssign mode=I, 3 Levels, 3 Comps, limit=30000             105.01
# Nets                                                                  105.01
# Place                                                                 105.01
# PlaceNets                                                             105.01
# SpaceY                                                                105.01
# Track                                                                 105.01
# SpaceX                                                                105.01
# Wire                                                                  105.01
# End of Wire: 1 nets, 2 ch, wire: 8-->6 (0 with wbits)                 105.01
# End of doGenerate                                                     105.01
# Analyze                                                               105.01
# Levelize                                                              105.01
# End of LevelAssign mode=I, 3 Levels, 2 Comps, limit=30000             105.01
# Nets                                                                  105.01
# Place                                                                 105.01
# PlaceNets                                                             105.01
# SpaceY                                                                105.01
# Track                                                                 105.01
# SpaceX                                                                105.01
# Wire                                                                  105.01
# End of Wire: 0 nets, 0 ch, wire: 0-->0 (0 with wbits)                 105.01
# End of doGenerate                                                     105.01
# Analyze                                                               105.01
# Levelize                                                              105.01
# End of LevelAssign mode=I, 3 Levels, 2 Comps, limit=30000             105.01
# Nets                                                                  105.01
# Place                                                                 105.01
# PlaceNets                                                             105.01
# SpaceY                                                                105.01
# Track                                                                 105.01
# SpaceX                                                                105.01
# Wire                                                                  105.01
# End of Wire: 0 nets, 0 ch, wire: 0-->0 (0 with wbits)                 105.01
# End of doGenerate                                                     105.01
# Analyze                                                               105.01
# Levelize                                                              105.01
# End of LevelAssign mode=I, 3 Levels, 3 Comps, limit=30000             105.01
# Nets                                                                  105.01
# Place                                                                 105.01
# PlaceNets                                                             105.01
# SpaceY                                                                105.01
# Track                                                                 105.01
# SpaceX                                                                105.01
# Wire                                                                  105.01
# End of Wire: 1 nets, 2 ch, wire: 8-->6 (0 with wbits)                 105.01
# End of doGenerate                                                     105.01
# Analyze                                                               105.01
# Levelize                                                              105.01
# End of LevelAssign mode=I, 2 Levels, 10 Comps, limit=30000            105.01
# Nets                                                                  105.01
# Place                                                                 105.01
# PlaceNets                                                             105.01
# SpaceY                                                                105.01
# Track                                                                 105.01
# SpaceX                                                                105.01
# Wire                                                                  105.01
# End of Wire: 2 nets, 2 ch, wire: 8-->8 (0 with wbits)                 105.01
# End of doGenerate                                                     105.01
# End of Generating Regions for Page 1                                  105.01
increment -const
unload net Tile_227.clk.tile.net
increment -const
unload net Tile_227.clk.tile.type.net
increment -const
unload net Tile_224.clk.tile.net
increment -const
unload net Tile_224.clk.tile.type.net
increment -const
load net Tile_224.clk.tile.net -port Tile_224_clk -pin Tile_224 tilePin
load net Tile_224.clk.tile.type.net -hierPin Tile_224 tilePin -pin Tile_224_Type LEFT
load net Tile_227.clk.tile.net -port Tile_227_clk -pin Tile_227 tilePin
load net Tile_227.clk.tile.type.net -hierPin Tile_227 tilePin -pin Tile_227_Type LEFT
show
# Starting Split Pages                                                  105.69
# NoSplit 20 Comps, 4 Nets 0 NetBundles                                 105.69
# End of Split Pages                                                    105.69
# Generating Regions for Page 1:   20 Comps,    4 Nets                  105.69
# Analyze                                                               105.69
# Levelize                                                              105.69
# End of LevelAssign mode=I, 3 Levels, 2 Comps, limit=30000             105.69
# Nets                                                                  105.69
# Place                                                                 105.69
# PlaceNets                                                             105.69
# SpaceY                                                                105.69
# Track                                                                 105.69
# SpaceX                                                                105.69
# Wire                                                                  105.69
# End of Wire: 0 nets, 0 ch, wire: 0-->0 (0 with wbits)                 105.69
# End of doGenerate                                                     105.69
# Analyze                                                               105.69
# Levelize                                                              105.69
# End of LevelAssign mode=I, 3 Levels, 3 Comps, limit=30000             105.69
# Nets                                                                  105.69
# Place                                                                 105.69
# PlaceNets                                                             105.69
# SpaceY                                                                105.69
# Track                                                                 105.69
# SpaceX                                                                105.69
# Wire                                                                  105.69
# End of Wire: 1 nets, 2 ch, wire: 8-->6 (0 with wbits)                 105.69
# End of doGenerate                                                     105.69
# Analyze                                                               105.69
# Levelize                                                              105.69
# End of LevelAssign mode=I, 3 Levels, 2 Comps, limit=30000             105.69
# Nets                                                                  105.69
# Place                                                                 105.69
# PlaceNets                                                             105.69
# SpaceY                                                                105.69
# Track                                                                 105.69
# SpaceX                                                                105.69
# Wire                                                                  105.69
# End of Wire: 0 nets, 0 ch, wire: 0-->0 (0 with wbits)                 105.69
# End of doGenerate                                                     105.69
# Analyze                                                               105.69
# Levelize                                                              105.69
# End of LevelAssign mode=I, 3 Levels, 2 Comps, limit=30000             105.69
# Nets                                                                  105.69
# Place                                                                 105.69
# PlaceNets                                                             105.69
# SpaceY                                                                105.69
# Track                                                                 105.69
# SpaceX                                                                105.69
# Wire                                                                  105.69
# End of Wire: 0 nets, 0 ch, wire: 0-->0 (0 with wbits)                 105.69
# End of doGenerate                                                     105.69
# Analyze                                                               105.69
# Levelize                                                              105.69
# End of LevelAssign mode=I, 3 Levels, 3 Comps, limit=30000             105.69
# Nets                                                                  105.69
# Place                                                                 105.69
# PlaceNets                                                             105.69
# SpaceY                                                                105.69
# Track                                                                 105.69
# SpaceX                                                                105.69
# Wire                                                                  105.69
# End of Wire: 1 nets, 2 ch, wire: 8-->6 (0 with wbits)                 105.69
# End of doGenerate                                                     105.69
# Analyze                                                               105.69
# Levelize                                                              105.69
# End of LevelAssign mode=I, 2 Levels, 10 Comps, limit=30000            105.69
# Nets                                                                  105.69
# Place                                                                 105.69
# PlaceNets                                                             105.69
# SpaceY                                                                105.69
# Track                                                                 105.69
# SpaceX                                                                105.69
# Wire                                                                  105.69
# End of Wire: 2 nets, 2 ch, wire: 8-->8 (0 with wbits)                 105.69
# End of doGenerate                                                     105.69
# End of Generating Regions for Page 1                                  105.69
increment -const
unload net Tile_227.clk.tile.net
increment -const
unload net Tile_227.clk.tile.type.net
increment -const
unload net Tile_224.clk.tile.net
increment -const
unload net Tile_224.clk.tile.type.net
increment -const
load net Tile_224.clk.tile.net -port Tile_224_clk -pin Tile_224 tilePin
load net Tile_224.clk.tile.type.net -hierPin Tile_224 tilePin -pin Tile_224_Type LEFT
load net Tile_227.clk.tile.net -port Tile_227_clk -pin Tile_227 tilePin
load net Tile_227.clk.tile.type.net -hierPin Tile_227 tilePin -pin Tile_227_Type LEFT
show
# Starting Split Pages                                                  106.83
# NoSplit 20 Comps, 4 Nets 0 NetBundles                                 106.83
# End of Split Pages                                                    106.83
# Generating Regions for Page 1:   20 Comps,    4 Nets                  106.83
# Analyze                                                               106.83
# Levelize                                                              106.83
# End of LevelAssign mode=I, 3 Levels, 2 Comps, limit=30000             106.83
# Nets                                                                  106.83
# Place                                                                 106.83
# PlaceNets                                                             106.83
# SpaceY                                                                106.83
# Track                                                                 106.83
# SpaceX                                                                106.83
# Wire                                                                  106.83
# End of Wire: 0 nets, 0 ch, wire: 0-->0 (0 with wbits)                 106.83
# End of doGenerate                                                     106.83
# Analyze                                                               106.83
# Levelize                                                              106.83
# End of LevelAssign mode=I, 3 Levels, 3 Comps, limit=30000             106.83
# Nets                                                                  106.83
# Place                                                                 106.83
# PlaceNets                                                             106.83
# SpaceY                                                                106.83
# Track                                                                 106.83
# SpaceX                                                                106.83
# Wire                                                                  106.83
# End of Wire: 1 nets, 2 ch, wire: 8-->6 (0 with wbits)                 106.83
# End of doGenerate                                                     106.83
# Analyze                                                               106.83
# Levelize                                                              106.83
# End of LevelAssign mode=I, 3 Levels, 2 Comps, limit=30000             106.83
# Nets                                                                  106.83
# Place                                                                 106.83
# PlaceNets                                                             106.83
# SpaceY                                                                106.83
# Track                                                                 106.83
# SpaceX                                                                106.83
# Wire                                                                  106.83
# End of Wire: 0 nets, 0 ch, wire: 0-->0 (0 with wbits)                 106.83
# End of doGenerate                                                     106.83
# Analyze                                                               106.83
# Levelize                                                              106.83
# End of LevelAssign mode=I, 3 Levels, 2 Comps, limit=30000             106.83
# Nets                                                                  106.83
# Place                                                                 106.83
# PlaceNets                                                             106.83
# SpaceY                                                                106.83
# Track                                                                 106.83
# SpaceX                                                                106.83
# Wire                                                                  106.83
# End of Wire: 0 nets, 0 ch, wire: 0-->0 (0 with wbits)                 106.83
# End of doGenerate                                                     106.83
# Analyze                                                               106.83
# Levelize                                                              106.83
# End of LevelAssign mode=I, 3 Levels, 3 Comps, limit=30000             106.83
# Nets                                                                  106.83
# Place                                                                 106.83
# PlaceNets                                                             106.83
# SpaceY                                                                106.83
# Track                                                                 106.83
# SpaceX                                                                106.83
# Wire                                                                  106.83
# End of Wire: 1 nets, 2 ch, wire: 8-->6 (0 with wbits)                 106.83
# End of doGenerate                                                     106.83
# Analyze                                                               106.83
# Levelize                                                              106.83
# End of LevelAssign mode=I, 2 Levels, 10 Comps, limit=30000            106.83
# Nets                                                                  106.83
# Place                                                                 106.84
# PlaceNets                                                             106.84
# SpaceY                                                                106.84
# Track                                                                 106.84
# SpaceX                                                                106.84
# Wire                                                                  106.84
# End of Wire: 2 nets, 2 ch, wire: 8-->8 (0 with wbits)                 106.84
# End of doGenerate                                                     106.84
# End of Generating Regions for Page 1                                  106.84
increment -const
unload net Tile_227.clk.tile.net
increment -const
unload net Tile_227.clk.tile.type.net
increment -const
unload net Tile_224.clk.tile.net
increment -const
unload net Tile_224.clk.tile.type.net
increment -const
load net Tile_224.clk.tile.net -port Tile_224_clk -pin Tile_224 tilePin
load net Tile_224.clk.tile.type.net -hierPin Tile_224 tilePin -pin Tile_224_Type LEFT
load net Tile_227.clk.tile.net -port Tile_227_clk -pin Tile_227 tilePin
load net Tile_227.clk.tile.type.net -hierPin Tile_227 tilePin -pin Tile_227_Type LEFT
show
# Starting Split Pages                                                  107.92
# NoSplit 20 Comps, 4 Nets 0 NetBundles                                 107.92
# End of Split Pages                                                    107.92
# Generating Regions for Page 1:   20 Comps,    4 Nets                  107.92
# Analyze                                                               107.92
# Levelize                                                              107.92
# End of LevelAssign mode=I, 3 Levels, 2 Comps, limit=30000             107.92
# Nets                                                                  107.92
# Place                                                                 107.92
# PlaceNets                                                             107.92
# SpaceY                                                                107.92
# Track                                                                 107.92
# SpaceX                                                                107.92
# Wire                                                                  107.92
# End of Wire: 0 nets, 0 ch, wire: 0-->0 (0 with wbits)                 107.92
# End of doGenerate                                                     107.92
# Analyze                                                               107.92
# Levelize                                                              107.92
# End of LevelAssign mode=I, 3 Levels, 3 Comps, limit=30000             107.92
# Nets                                                                  107.92
# Place                                                                 107.92
# PlaceNets                                                             107.92
# SpaceY                                                                107.92
# Track                                                                 107.92
# SpaceX                                                                107.92
# Wire                                                                  107.92
# End of Wire: 1 nets, 2 ch, wire: 8-->6 (0 with wbits)                 107.92
# End of doGenerate                                                     107.92
# Analyze                                                               107.92
# Levelize                                                              107.92
# End of LevelAssign mode=I, 3 Levels, 2 Comps, limit=30000             107.92
# Nets                                                                  107.92
# Place                                                                 107.92
# PlaceNets                                                             107.92
# SpaceY                                                                107.92
# Track                                                                 107.92
# SpaceX                                                                107.92
# Wire                                                                  107.92
# End of Wire: 0 nets, 0 ch, wire: 0-->0 (0 with wbits)                 107.92
# End of doGenerate                                                     107.92
# Analyze                                                               107.92
# Levelize                                                              107.92
# End of LevelAssign mode=I, 3 Levels, 2 Comps, limit=30000             107.92
# Nets                                                                  107.92
# Place                                                                 107.92
# PlaceNets                                                             107.92
# SpaceY                                                                107.92
# Track                                                                 107.92
# SpaceX                                                                107.92
# Wire                                                                  107.92
# End of Wire: 0 nets, 0 ch, wire: 0-->0 (0 with wbits)                 107.92
# End of doGenerate                                                     107.92
# Analyze                                                               107.92
# Levelize                                                              107.92
# End of LevelAssign mode=I, 3 Levels, 3 Comps, limit=30000             107.92
# Nets                                                                  107.92
# Place                                                                 107.92
# PlaceNets                                                             107.92
# SpaceY                                                                107.92
# Track                                                                 107.92
# SpaceX                                                                107.92
# Wire                                                                  107.92
# End of Wire: 1 nets, 2 ch, wire: 8-->6 (0 with wbits)                 107.92
# End of doGenerate                                                     107.92
# Analyze                                                               107.92
# Levelize                                                              107.92
# End of LevelAssign mode=I, 2 Levels, 10 Comps, limit=30000            107.92
# Nets                                                                  107.92
# Place                                                                 107.92
# PlaceNets                                                             107.92
# SpaceY                                                                107.92
# Track                                                                 107.92
# SpaceX                                                                107.92
# Wire                                                                  107.92
# End of Wire: 2 nets, 2 ch, wire: 8-->8 (0 with wbits)                 107.92
# End of doGenerate                                                     107.92
# End of Generating Regions for Page 1                                  107.92
increment -const
unload net Tile_227.clk.tile.net
increment -const
unload net Tile_227.clk.tile.type.net
increment -const
unload net Tile_224.clk.tile.net
increment -const
unload net Tile_224.clk.tile.type.net
increment -const
load net Tile_224.clk.tile.net -port Tile_224_clk -pin Tile_224 tilePin
load net Tile_224.clk.tile.type.net -hierPin Tile_224 tilePin -pin Tile_224_Type LEFT
load net Tile_227.clk.tile.net -port Tile_227_clk -pin Tile_227 tilePin
load net Tile_227.clk.tile.type.net -hierPin Tile_227 tilePin -pin Tile_227_Type LEFT
show
# Starting Split Pages                                                  108.20
# NoSplit 20 Comps, 4 Nets 0 NetBundles                                 108.20
# End of Split Pages                                                    108.20
# Generating Regions for Page 1:   20 Comps,    4 Nets                  108.20
# Analyze                                                               108.20
# Levelize                                                              108.20
# End of LevelAssign mode=I, 3 Levels, 2 Comps, limit=30000             108.20
# Nets                                                                  108.20
# Place                                                                 108.20
# PlaceNets                                                             108.20
# SpaceY                                                                108.20
# Track                                                                 108.20
# SpaceX                                                                108.20
# Wire                                                                  108.20
# End of Wire: 0 nets, 0 ch, wire: 0-->0 (0 with wbits)                 108.20
# End of doGenerate                                                     108.20
# Analyze                                                               108.20
# Levelize                                                              108.20
# End of LevelAssign mode=I, 3 Levels, 3 Comps, limit=30000             108.20
# Nets                                                                  108.20
# Place                                                                 108.20
# PlaceNets                                                             108.20
# SpaceY                                                                108.20
# Track                                                                 108.20
# SpaceX                                                                108.20
# Wire                                                                  108.20
# End of Wire: 1 nets, 2 ch, wire: 8-->6 (0 with wbits)                 108.20
# End of doGenerate                                                     108.20
# Analyze                                                               108.20
# Levelize                                                              108.20
# End of LevelAssign mode=I, 3 Levels, 2 Comps, limit=30000             108.20
# Nets                                                                  108.20
# Place                                                                 108.20
# PlaceNets                                                             108.20
# SpaceY                                                                108.20
# Track                                                                 108.20
# SpaceX                                                                108.20
# Wire                                                                  108.20
# End of Wire: 0 nets, 0 ch, wire: 0-->0 (0 with wbits)                 108.20
# End of doGenerate                                                     108.20
# Analyze                                                               108.20
# Levelize                                                              108.20
# End of LevelAssign mode=I, 3 Levels, 2 Comps, limit=30000             108.20
# Nets                                                                  108.20
# Place                                                                 108.20
# PlaceNets                                                             108.20
# SpaceY                                                                108.20
# Track                                                                 108.20
# SpaceX                                                                108.20
# Wire                                                                  108.20
# End of Wire: 0 nets, 0 ch, wire: 0-->0 (0 with wbits)                 108.20
# End of doGenerate                                                     108.20
# Analyze                                                               108.20
# Levelize                                                              108.20
# End of LevelAssign mode=I, 3 Levels, 3 Comps, limit=30000             108.20
# Nets                                                                  108.20
# Place                                                                 108.20
# PlaceNets                                                             108.20
# SpaceY                                                                108.20
# Track                                                                 108.20
# SpaceX                                                                108.20
# Wire                                                                  108.20
# End of Wire: 1 nets, 2 ch, wire: 8-->6 (0 with wbits)                 108.20
# End of doGenerate                                                     108.20
# Analyze                                                               108.20
# Levelize                                                              108.20
# End of LevelAssign mode=I, 2 Levels, 10 Comps, limit=30000            108.20
# Nets                                                                  108.20
# Place                                                                 108.20
# PlaceNets                                                             108.20
# SpaceY                                                                108.20
# Track                                                                 108.20
# SpaceX                                                                108.20
# Wire                                                                  108.20
# End of Wire: 2 nets, 2 ch, wire: 8-->8 (0 with wbits)                 108.20
# End of doGenerate                                                     108.20
# End of Generating Regions for Page 1                                  108.20
increment -const
unload net Tile_227.clk.tile.net
increment -const
unload net Tile_227.clk.tile.type.net
increment -const
unload net Tile_224.clk.tile.net
increment -const
unload net Tile_224.clk.tile.type.net
increment -const
load net Tile_224.clk.tile.net -port Tile_224_clk -pin Tile_224 tilePin
load net Tile_224.clk.tile.pll.net -hierPin Tile_224 tilePin -pin Tile_224_PLL LEFT
load net Tile_224.clk.tile.pll.type.net -pin Tile_224_PLL RIGHT -pin Tile_224_Type LEFT
load net Tile_227.clk.tile.net -port Tile_227_clk -pin Tile_227 tilePin
load net Tile_227.clk.tile.type.net -hierPin Tile_227 tilePin -pin Tile_227_Type LEFT
show
# Starting Split Pages                                                  109.16
# NoSplit 20 Comps, 5 Nets 0 NetBundles                                 109.16
# End of Split Pages                                                    109.16
# Generating Regions for Page 1:   20 Comps,    5 Nets                  109.16
# Analyze                                                               109.16
# Levelize                                                              109.16
# End of LevelAssign mode=I, 3 Levels, 2 Comps, limit=30000             109.16
# Nets                                                                  109.16
# Place                                                                 109.16
# PlaceNets                                                             109.16
# SpaceY                                                                109.16
# Track                                                                 109.16
# SpaceX                                                                109.16
# Wire                                                                  109.16
# End of Wire: 0 nets, 0 ch, wire: 0-->0 (0 with wbits)                 109.16
# End of doGenerate                                                     109.16
# Analyze                                                               109.16
# Levelize                                                              109.16
# End of LevelAssign mode=I, 3 Levels, 3 Comps, limit=30000             109.16
# Nets                                                                  109.16
# Place                                                                 109.16
# PlaceNets                                                             109.16
# SpaceY                                                                109.16
# Track                                                                 109.16
# SpaceX                                                                109.16
# Wire                                                                  109.16
# End of Wire: 1 nets, 2 ch, wire: 8-->6 (0 with wbits)                 109.16
# End of doGenerate                                                     109.16
# Analyze                                                               109.16
# Levelize                                                              109.16
# End of LevelAssign mode=I, 3 Levels, 2 Comps, limit=30000             109.16
# Nets                                                                  109.16
# Place                                                                 109.16
# PlaceNets                                                             109.16
# SpaceY                                                                109.16
# Track                                                                 109.16
# SpaceX                                                                109.16
# Wire                                                                  109.16
# End of Wire: 0 nets, 0 ch, wire: 0-->0 (0 with wbits)                 109.16
# End of doGenerate                                                     109.16
# Analyze                                                               109.16
# Levelize                                                              109.16
# End of LevelAssign mode=I, 3 Levels, 2 Comps, limit=30000             109.16
# Nets                                                                  109.16
# Place                                                                 109.16
# PlaceNets                                                             109.16
# SpaceY                                                                109.16
# Track                                                                 109.16
# SpaceX                                                                109.16
# Wire                                                                  109.16
# End of Wire: 0 nets, 0 ch, wire: 0-->0 (0 with wbits)                 109.16
# End of doGenerate                                                     109.16
# Analyze                                                               109.16
# Levelize                                                              109.16
# End of LevelAssign mode=I, 3 Levels, 3 Comps, limit=30000             109.16
# Nets                                                                  109.16
# Place                                                                 109.16
# PlaceNets                                                             109.16
# SpaceY                                                                109.16
# Track                                                                 109.16
# SpaceX                                                                109.16
# Wire                                                                  109.16
# End of Wire: 2 nets, 2 ch, wire: 6-->6 (0 with wbits)                 109.16
# End of doGenerate                                                     109.16
# Analyze                                                               109.16
# Levelize                                                              109.16
# End of LevelAssign mode=I, 2 Levels, 10 Comps, limit=30000            109.16
# Nets                                                                  109.16
# Place                                                                 109.16
# PlaceNets                                                             109.16
# SpaceY                                                                109.16
# Track                                                                 109.16
# SpaceX                                                                109.16
# Wire                                                                  109.16
# End of Wire: 2 nets, 2 ch, wire: 8-->8 (0 with wbits)                 109.16
# End of doGenerate                                                     109.16
# End of Generating Regions for Page 1                                  109.16
increment -const
unload net Tile_224.clk.tile.pll.type.net
increment -const
unload net Tile_227.clk.tile.net
increment -const
unload net Tile_227.clk.tile.type.net
increment -const
unload net Tile_224.clk.tile.net
increment -const
unload net Tile_224.clk.tile.pll.net
increment -const
load net Tile_224.clk.tile.net -port Tile_224_clk -pin Tile_224 tilePin
load net Tile_224.clk.tile.pll.net -hierPin Tile_224 tilePin -pin Tile_224_PLL LEFT
load net Tile_224.clk.tile.pll.type.net -pin Tile_224_PLL RIGHT -pin Tile_224_Type LEFT
load net Tile_227.clk.tile.net -port Tile_227_clk -pin Tile_227 tilePin
load net Tile_227.clk.tile.pll.net -hierPin Tile_227 tilePin -pin Tile_227_PLL LEFT
load net Tile_227.clk.tile.pll.type.net -pin Tile_227_PLL RIGHT -pin Tile_227_Type LEFT
show
# Starting Split Pages                                                  109.76
# NoSplit 20 Comps, 6 Nets 0 NetBundles                                 109.76
# End of Split Pages                                                    109.76
# Generating Regions for Page 1:   20 Comps,    6 Nets                  109.76
# Analyze                                                               109.76
# Levelize                                                              109.76
# End of LevelAssign mode=I, 3 Levels, 2 Comps, limit=30000             109.76
# Nets                                                                  109.76
# Place                                                                 109.76
# PlaceNets                                                             109.76
# SpaceY                                                                109.76
# Track                                                                 109.76
# SpaceX                                                                109.76
# Wire                                                                  109.76
# End of Wire: 0 nets, 0 ch, wire: 0-->0 (0 with wbits)                 109.76
# End of doGenerate                                                     109.76
# Analyze                                                               109.76
# Levelize                                                              109.76
# End of LevelAssign mode=I, 3 Levels, 3 Comps, limit=30000             109.76
# Nets                                                                  109.76
# Place                                                                 109.76
# PlaceNets                                                             109.76
# SpaceY                                                                109.76
# Track                                                                 109.76
# SpaceX                                                                109.76
# Wire                                                                  109.76
# End of Wire: 2 nets, 2 ch, wire: 6-->6 (0 with wbits)                 109.76
# End of doGenerate                                                     109.76
# Analyze                                                               109.76
# Levelize                                                              109.76
# End of LevelAssign mode=I, 3 Levels, 2 Comps, limit=30000             109.76
# Nets                                                                  109.76
# Place                                                                 109.76
# PlaceNets                                                             109.76
# SpaceY                                                                109.76
# Track                                                                 109.76
# SpaceX                                                                109.76
# Wire                                                                  109.76
# End of Wire: 0 nets, 0 ch, wire: 0-->0 (0 with wbits)                 109.76
# End of doGenerate                                                     109.76
# Analyze                                                               109.76
# Levelize                                                              109.76
# End of LevelAssign mode=I, 3 Levels, 2 Comps, limit=30000             109.76
# Nets                                                                  109.76
# Place                                                                 109.76
# PlaceNets                                                             109.76
# SpaceY                                                                109.76
# Track                                                                 109.76
# SpaceX                                                                109.76
# Wire                                                                  109.76
# End of Wire: 0 nets, 0 ch, wire: 0-->0 (0 with wbits)                 109.76
# End of doGenerate                                                     109.76
# Analyze                                                               109.76
# Levelize                                                              109.76
# End of LevelAssign mode=I, 3 Levels, 3 Comps, limit=30000             109.76
# Nets                                                                  109.76
# Place                                                                 109.76
# PlaceNets                                                             109.76
# SpaceY                                                                109.76
# Track                                                                 109.76
# SpaceX                                                                109.76
# Wire                                                                  109.76
# End of Wire: 2 nets, 2 ch, wire: 6-->6 (0 with wbits)                 109.76
# End of doGenerate                                                     109.76
# Analyze                                                               109.76
# Levelize                                                              109.76
# End of LevelAssign mode=I, 2 Levels, 10 Comps, limit=30000            109.76
# Nets                                                                  109.76
# Place                                                                 109.76
# PlaceNets                                                             109.76
# SpaceY                                                                109.76
# Track                                                                 109.76
# SpaceX                                                                109.76
# Wire                                                                  109.76
# End of Wire: 2 nets, 2 ch, wire: 8-->8 (0 with wbits)                 109.76
# End of doGenerate                                                     109.76
# End of Generating Regions for Page 1                                  109.76
