INFO: [VRFC 10-2263] Analyzing SystemVerilog file "C:/Xilinx/Vivado/2023.2/data/xilinx_vip/hdl/axi4stream_vip_axi4streampc.sv" into library xilinx_vip
INFO: [VRFC 10-2263] Analyzing SystemVerilog file "C:/Xilinx/Vivado/2023.2/data/xilinx_vip/hdl/axi_vip_axi4pc.sv" into library xilinx_vip
INFO: [VRFC 10-2263] Analyzing SystemVerilog file "C:/Xilinx/Vivado/2023.2/data/xilinx_vip/hdl/xil_common_vip_pkg.sv" into library xilinx_vip
INFO: [VRFC 10-2263] Analyzing SystemVerilog file "C:/Xilinx/Vivado/2023.2/data/xilinx_vip/hdl/axi4stream_vip_pkg.sv" into library xilinx_vip
INFO: [VRFC 10-2263] Analyzing SystemVerilog file "C:/Xilinx/Vivado/2023.2/data/xilinx_vip/hdl/axi_vip_pkg.sv" into library xilinx_vip
INFO: [VRFC 10-2263] Analyzing SystemVerilog file "C:/Xilinx/Vivado/2023.2/data/xilinx_vip/hdl/axi4stream_vip_if.sv" into library xilinx_vip
INFO: [VRFC 10-2263] Analyzing SystemVerilog file "C:/Xilinx/Vivado/2023.2/data/xilinx_vip/hdl/axi_vip_if.sv" into library xilinx_vip
INFO: [VRFC 10-2263] Analyzing SystemVerilog file "C:/Xilinx/Vivado/2023.2/data/xilinx_vip/hdl/clk_vip_if.sv" into library xilinx_vip
INFO: [VRFC 10-2263] Analyzing SystemVerilog file "C:/Xilinx/Vivado/2023.2/data/xilinx_vip/hdl/rst_vip_if.sv" into library xilinx_vip
INFO: [VRFC 10-2263] Analyzing SystemVerilog file "C:/Xilinx/Vivado/2023.2/data/ip/xpm/xpm_cdc/hdl/xpm_cdc.sv" into library xpm
INFO: [VRFC 10-311] analyzing module xpm_cdc_single
INFO: [VRFC 10-311] analyzing module xpm_cdc_gray
INFO: [VRFC 10-311] analyzing module xpm_cdc_handshake
INFO: [VRFC 10-311] analyzing module xpm_cdc_pulse
INFO: [VRFC 10-311] analyzing module xpm_cdc_array_single
INFO: [VRFC 10-311] analyzing module xpm_cdc_sync_rst
INFO: [VRFC 10-311] analyzing module xpm_cdc_async_rst
INFO: [VRFC 10-311] analyzing module xpm_cdc_low_latency_handshake
INFO: [VRFC 10-2263] Analyzing SystemVerilog file "C:/Xilinx/Vivado/2023.2/data/ip/xpm/xpm_fifo/hdl/xpm_fifo.sv" into library xpm
INFO: [VRFC 10-311] analyzing module xpm_fifo_base
INFO: [VRFC 10-311] analyzing module xpm_fifo_rst
INFO: [VRFC 10-311] analyzing module xpm_counter_updn
INFO: [VRFC 10-311] analyzing module xpm_fifo_reg_vec
INFO: [VRFC 10-311] analyzing module xpm_fifo_reg_bit
INFO: [VRFC 10-311] analyzing module xpm_reg_pipe_bit
INFO: [VRFC 10-311] analyzing module xpm_fifo_sync
INFO: [VRFC 10-311] analyzing module xpm_fifo_async
INFO: [VRFC 10-311] analyzing module xpm_fifo_axis
INFO: [VRFC 10-311] analyzing module xpm_fifo_axif
INFO: [VRFC 10-311] analyzing module xpm_fifo_axil
INFO: [VRFC 10-311] analyzing module xpm_fifo_axi_reg_slice
INFO: [VRFC 10-2263] Analyzing SystemVerilog file "C:/Xilinx/Vivado/2023.2/data/ip/xpm/xpm_memory/hdl/xpm_memory.sv" into library xpm
INFO: [VRFC 10-311] analyzing module xpm_memory_base
INFO: [VRFC 10-311] analyzing module asym_bwe_bb
INFO: [VRFC 10-311] analyzing module xpm_memory_dpdistram
INFO: [VRFC 10-311] analyzing module xpm_memory_dprom
INFO: [VRFC 10-311] analyzing module xpm_memory_sdpram
INFO: [VRFC 10-311] analyzing module xpm_memory_spram
INFO: [VRFC 10-311] analyzing module xpm_memory_sprom
INFO: [VRFC 10-311] analyzing module xpm_memory_tdpram
INFO: [VRFC 10-2263] Analyzing SystemVerilog file "c:/Users/tommy/RfSoc/usp_rf_data_converter_0_ex/imports/exdes_xpm_mem_ds.sv" into library xil_defaultlib
INFO: [VRFC 10-311] analyzing module exdes_xpm_mem_ds
INFO: [VRFC 10-311] analyzing module exdes_xpm_mem_ds_int
INFO: [VRFC 10-311] analyzing module xpm_mem_ds_wrap2
INFO: [VRFC 10-311] analyzing module xpm_mem_ds_sdpram_wrap
INFO: [VRFC 10-2263] Analyzing SystemVerilog file "c:/Users/tommy/RfSoc/usp_rf_data_converter_0_ex/imports/usp_rf_data_converter_0_exdes_rfadc_ctrl_rfa.sv" into library xil_defaultlib
INFO: [VRFC 10-311] analyzing module adc_exdes_cfg_rfa
INFO: [VRFC 10-311] analyzing module rfadc_exdes_ctrl_rfa
INFO: [VRFC 10-311] analyzing module rfadc_exdes_ctrl_axi_rfa
INFO: [VRFC 10-2263] Analyzing Verilog file "c:/Users/tommy/RfSoc/usp_rf_data_converter_0_ex/imports/exdes_rfadc_data_bram_capture.v" into library xil_defaultlib
INFO: [VRFC 10-311] analyzing module exdes_rfadc_data_bram_capture
INFO: [VRFC 10-2263] Analyzing SystemVerilog file "c:/Users/tommy/RfSoc/usp_rf_data_converter_0_ex/imports/exdes_xpm_mem_dg.sv" into library xil_defaultlib
INFO: [VRFC 10-311] analyzing module exdes_xpm_mem_dg
INFO: [VRFC 10-311] analyzing module exdes_xpm_mem_dg_int
INFO: [VRFC 10-311] analyzing module xpm_mem_dg_wrap2
INFO: [VRFC 10-311] analyzing module xpm_mem_dg_sdpram_wrap
INFO: [VRFC 10-2263] Analyzing SystemVerilog file "c:/Users/tommy/RfSoc/usp_rf_data_converter_0_ex/imports/usp_rf_data_converter_0_exdes_rfdac_ctrl_rfa.sv" into library xil_defaultlib
INFO: [VRFC 10-311] analyzing module dac_exdes_cfg_rfa
INFO: [VRFC 10-311] analyzing module rfdac_exdes_ctrl_rfa
INFO: [VRFC 10-311] analyzing module rfdac_exdes_ctrl_axi_rfa
INFO: [VRFC 10-2263] Analyzing Verilog file "c:/Users/tommy/RfSoc/usp_rf_data_converter_0_ex/imports/exdes_rfdac_data_bram_stim.v" into library xil_defaultlib
INFO: [VRFC 10-311] analyzing module exdes_rfdac_data_bram_stim
INFO: [VRFC 10-2263] Analyzing Verilog file "c:/Users/tommy/RfSoc/usp_rf_data_converter_0_ex/usp_rf_data_converter_0_ex.ip_user_files/bd/rfdc_ex/ip/rfdc_ex_smartconnect_0_0/bd_0/sim/bd_a15e.v" into library xil_defaultlib
INFO: [VRFC 10-311] analyzing module bd_a15e
INFO: [VRFC 10-311] analyzing module clk_map_imp_53WP22
INFO: [VRFC 10-311] analyzing module i_nodes_imp_1MOXANO
INFO: [VRFC 10-311] analyzing module m00_exit_pipeline_imp_1T53RB5
INFO: [VRFC 10-311] analyzing module m00_nodes_imp_1FVDWZ1
INFO: [VRFC 10-311] analyzing module m01_exit_pipeline_imp_1YGFOOX
INFO: [VRFC 10-311] analyzing module m01_nodes_imp_B3FGWR
INFO: [VRFC 10-311] analyzing module m02_exit_pipeline_imp_1IJO60X
INFO: [VRFC 10-311] analyzing module m02_nodes_imp_PF4RK0
INFO: [VRFC 10-311] analyzing module m03_exit_pipeline_imp_1MR2EYP
INFO: [VRFC 10-311] analyzing module m03_nodes_imp_1J3GZJQ
INFO: [VRFC 10-311] analyzing module m04_exit_pipeline_imp_1EM01DT
INFO: [VRFC 10-311] analyzing module m04_nodes_imp_19BW46U
INFO: [VRFC 10-311] analyzing module m05_exit_pipeline_imp_18RAB41
INFO: [VRFC 10-311] analyzing module m05_nodes_imp_HAFVWG
INFO: [VRFC 10-311] analyzing module s00_entry_pipeline_imp_TE5WJM
INFO: [VRFC 10-311] analyzing module s00_nodes_imp_YHZNKO
INFO: [VRFC 10-311] analyzing module s01_entry_pipeline_imp_1VBDJVA
INFO: [VRFC 10-311] analyzing module s01_nodes_imp_1QIXZ72
INFO: [VRFC 10-311] analyzing module switchboards_imp_6K1A8C
INFO: [VRFC 10-2263] Analyzing Verilog file "c:/Users/tommy/RfSoc/usp_rf_data_converter_0_ex/usp_rf_data_converter_0_ex.gen/sources_1/bd/rfdc_ex/ipshared/d390/hdl/xlconstant_v1_1_vl_rfs.v" into library xlconstant_v1_1_8
INFO: [VRFC 10-311] analyzing module xlconstant_v1_1_8_xlconstant
INFO: [VRFC 10-2263] Analyzing Verilog file "c:/Users/tommy/RfSoc/usp_rf_data_converter_0_ex/usp_rf_data_converter_0_ex.ip_user_files/bd/rfdc_ex/ip/rfdc_ex_smartconnect_0_0/bd_0/ip/ip_0/sim/bd_a15e_one_0.v" into library xil_defaultlib
INFO: [VRFC 10-311] analyzing module bd_a15e_one_0
INFO: [VRFC 10-2263] Analyzing SystemVerilog file "c:/Users/tommy/RfSoc/usp_rf_data_converter_0_ex/usp_rf_data_converter_0_ex.gen/sources_1/bd/rfdc_ex/ipshared/f0b6/hdl/sc_util_v1_0_vl_rfs.sv" into library smartconnect_v1_0
INFO: [VRFC 10-311] analyzing module sc_util_v1_0_4_fifo
INFO: [VRFC 10-311] analyzing module sc_util_v1_0_4_vcafifo
INFO: [VRFC 10-311] analyzing module sc_util_v1_0_4_vcafifo_progfull
INFO: [VRFC 10-311] analyzing module sc_util_v1_0_4_afifo_meta
INFO: [VRFC 10-311] analyzing module sc_util_v1_0_4_mux
INFO: [VRFC 10-311] analyzing module sc_util_v1_0_4_standard_mux16
INFO: [VRFC 10-311] analyzing module sc_util_v1_0_4_pipeline
INFO: [VRFC 10-311] analyzing module sc_util_v1_0_4_onehot_to_binary
INFO: [VRFC 10-311] analyzing module sc_util_v1_0_4_counter
INFO: [VRFC 10-311] analyzing module sc_util_v1_0_4_sample_cycle_ratio
INFO: [VRFC 10-311] analyzing module sc_util_v1_0_4_fifo_output_reg
INFO: [VRFC 10-311] analyzing module sc_util_v1_0_4_xpm_memory_fifo
INFO: [VRFC 10-311] analyzing module sc_util_v1_0_4_xpm_fifo_wrapper
INFO: [VRFC 10-311] analyzing module sc_util_v1_0_4_axic_fifo
INFO: [VRFC 10-311] analyzing module sc_util_v1_0_4_axi_splitter
INFO: [VRFC 10-311] analyzing module sc_util_v1_0_4_axi2vector
INFO: [VRFC 10-311] analyzing module sc_util_v1_0_4_vector2axi
INFO: [VRFC 10-311] analyzing module sc_util_v1_0_4_axi_reg_stall
INFO: [VRFC 10-311] analyzing module sc_util_v1_0_4_srl_rtl
INFO: [VRFC 10-311] analyzing module sc_util_v1_0_4_axic_reg_srl_fifo
INFO: [VRFC 10-311] analyzing module sc_util_v1_0_4_axic_register_slice
INFO: [VRFC 10-2263] Analyzing SystemVerilog file "c:/Users/tommy/RfSoc/usp_rf_data_converter_0_ex/usp_rf_data_converter_0_ex.gen/sources_1/bd/rfdc_ex/ipshared/bd53/hdl/sc_switchboard_v1_0_vl_rfs.sv" into library smartconnect_v1_0
INFO: [VRFC 10-311] analyzing module sc_switchboard_v1_0_7_top
INFO: [VRFC 10-2263] Analyzing SystemVerilog file "c:/Users/tommy/RfSoc/usp_rf_data_converter_0_ex/usp_rf_data_converter_0_ex.ip_user_files/bd/rfdc_ex/ip/rfdc_ex_smartconnect_0_0/bd_0/ip/ip_2/sim/bd_a15e_arinsw_0.sv" into library xil_defaultlib
INFO: [VRFC 10-311] analyzing module bd_a15e_arinsw_0
INFO: [VRFC 10-2263] Analyzing SystemVerilog file "c:/Users/tommy/RfSoc/usp_rf_data_converter_0_ex/usp_rf_data_converter_0_ex.ip_user_files/bd/rfdc_ex/ip/rfdc_ex_smartconnect_0_0/bd_0/ip/ip_3/sim/bd_a15e_rinsw_0.sv" into library xil_defaultlib
INFO: [VRFC 10-311] analyzing module bd_a15e_rinsw_0
INFO: [VRFC 10-2263] Analyzing SystemVerilog file "c:/Users/tommy/RfSoc/usp_rf_data_converter_0_ex/usp_rf_data_converter_0_ex.ip_user_files/bd/rfdc_ex/ip/rfdc_ex_smartconnect_0_0/bd_0/ip/ip_4/sim/bd_a15e_awinsw_0.sv" into library xil_defaultlib
INFO: [VRFC 10-311] analyzing module bd_a15e_awinsw_0
INFO: [VRFC 10-2263] Analyzing SystemVerilog file "c:/Users/tommy/RfSoc/usp_rf_data_converter_0_ex/usp_rf_data_converter_0_ex.ip_user_files/bd/rfdc_ex/ip/rfdc_ex_smartconnect_0_0/bd_0/ip/ip_5/sim/bd_a15e_winsw_0.sv" into library xil_defaultlib
INFO: [VRFC 10-311] analyzing module bd_a15e_winsw_0
INFO: [VRFC 10-2263] Analyzing SystemVerilog file "c:/Users/tommy/RfSoc/usp_rf_data_converter_0_ex/usp_rf_data_converter_0_ex.ip_user_files/bd/rfdc_ex/ip/rfdc_ex_smartconnect_0_0/bd_0/ip/ip_6/sim/bd_a15e_binsw_0.sv" into library xil_defaultlib
INFO: [VRFC 10-311] analyzing module bd_a15e_binsw_0
INFO: [VRFC 10-2263] Analyzing SystemVerilog file "c:/Users/tommy/RfSoc/usp_rf_data_converter_0_ex/usp_rf_data_converter_0_ex.ip_user_files/bd/rfdc_ex/ip/rfdc_ex_smartconnect_0_0/bd_0/ip/ip_7/sim/bd_a15e_aroutsw_0.sv" into library xil_defaultlib
INFO: [VRFC 10-311] analyzing module bd_a15e_aroutsw_0
INFO: [VRFC 10-2263] Analyzing SystemVerilog file "c:/Users/tommy/RfSoc/usp_rf_data_converter_0_ex/usp_rf_data_converter_0_ex.ip_user_files/bd/rfdc_ex/ip/rfdc_ex_smartconnect_0_0/bd_0/ip/ip_8/sim/bd_a15e_routsw_0.sv" into library xil_defaultlib
INFO: [VRFC 10-311] analyzing module bd_a15e_routsw_0
INFO: [VRFC 10-2263] Analyzing SystemVerilog file "c:/Users/tommy/RfSoc/usp_rf_data_converter_0_ex/usp_rf_data_converter_0_ex.ip_user_files/bd/rfdc_ex/ip/rfdc_ex_smartconnect_0_0/bd_0/ip/ip_9/sim/bd_a15e_awoutsw_0.sv" into library xil_defaultlib
INFO: [VRFC 10-311] analyzing module bd_a15e_awoutsw_0
INFO: [VRFC 10-2263] Analyzing SystemVerilog file "c:/Users/tommy/RfSoc/usp_rf_data_converter_0_ex/usp_rf_data_converter_0_ex.ip_user_files/bd/rfdc_ex/ip/rfdc_ex_smartconnect_0_0/bd_0/ip/ip_10/sim/bd_a15e_woutsw_0.sv" into library xil_defaultlib
INFO: [VRFC 10-311] analyzing module bd_a15e_woutsw_0
INFO: [VRFC 10-2263] Analyzing SystemVerilog file "c:/Users/tommy/RfSoc/usp_rf_data_converter_0_ex/usp_rf_data_converter_0_ex.ip_user_files/bd/rfdc_ex/ip/rfdc_ex_smartconnect_0_0/bd_0/ip/ip_11/sim/bd_a15e_boutsw_0.sv" into library xil_defaultlib
INFO: [VRFC 10-311] analyzing module bd_a15e_boutsw_0
INFO: [VRFC 10-2263] Analyzing SystemVerilog file "c:/Users/tommy/RfSoc/usp_rf_data_converter_0_ex/usp_rf_data_converter_0_ex.gen/sources_1/bd/rfdc_ex/ipshared/35de/hdl/sc_node_v1_0_vl_rfs.sv" into library smartconnect_v1_0
INFO: [VRFC 10-311] analyzing module sc_node_v1_0_15_arb_alg_rr
INFO: [VRFC 10-311] analyzing module sc_node_v1_0_15_si_handler
INFO: [VRFC 10-311] analyzing module sc_node_v1_0_15_reg_fifo
INFO: [VRFC 10-311] analyzing module sc_node_v1_0_15_reg_fifo_async
INFO: [VRFC 10-311] analyzing module sc_node_v1_0_15_fifo
INFO: [VRFC 10-311] analyzing module sc_node_v1_0_15_reg_slice3
INFO: [VRFC 10-311] analyzing module sc_node_v1_0_15_ingress
INFO: [VRFC 10-311] analyzing module sc_node_v1_0_15_egress
INFO: [VRFC 10-311] analyzing module sc_node_v1_0_15_downsizer
INFO: [VRFC 10-311] analyzing module sc_node_v1_0_15_fi_regulator
INFO: [VRFC 10-311] analyzing module sc_node_v1_0_15_upsizer
INFO: [VRFC 10-311] analyzing module sc_node_v1_0_15_mi_handler
INFO: [VRFC 10-311] analyzing module sc_node_v1_0_15_top
INFO: [VRFC 10-2263] Analyzing SystemVerilog file "c:/Users/tommy/RfSoc/usp_rf_data_converter_0_ex/usp_rf_data_converter_0_ex.ip_user_files/bd/rfdc_ex/ip/rfdc_ex_smartconnect_0_0/bd_0/ip/ip_12/sim/bd_a15e_arni_0.sv" into library xil_defaultlib
INFO: [VRFC 10-311] analyzing module bd_a15e_arni_0
INFO: [VRFC 10-2263] Analyzing SystemVerilog file "c:/Users/tommy/RfSoc/usp_rf_data_converter_0_ex/usp_rf_data_converter_0_ex.ip_user_files/bd/rfdc_ex/ip/rfdc_ex_smartconnect_0_0/bd_0/ip/ip_13/sim/bd_a15e_rni_0.sv" into library xil_defaultlib
INFO: [VRFC 10-311] analyzing module bd_a15e_rni_0
INFO: [VRFC 10-2263] Analyzing SystemVerilog file "c:/Users/tommy/RfSoc/usp_rf_data_converter_0_ex/usp_rf_data_converter_0_ex.ip_user_files/bd/rfdc_ex/ip/rfdc_ex_smartconnect_0_0/bd_0/ip/ip_14/sim/bd_a15e_awni_0.sv" into library xil_defaultlib
INFO: [VRFC 10-311] analyzing module bd_a15e_awni_0
INFO: [VRFC 10-2263] Analyzing SystemVerilog file "c:/Users/tommy/RfSoc/usp_rf_data_converter_0_ex/usp_rf_data_converter_0_ex.ip_user_files/bd/rfdc_ex/ip/rfdc_ex_smartconnect_0_0/bd_0/ip/ip_15/sim/bd_a15e_wni_0.sv" into library xil_defaultlib
INFO: [VRFC 10-311] analyzing module bd_a15e_wni_0
INFO: [VRFC 10-2263] Analyzing SystemVerilog file "c:/Users/tommy/RfSoc/usp_rf_data_converter_0_ex/usp_rf_data_converter_0_ex.ip_user_files/bd/rfdc_ex/ip/rfdc_ex_smartconnect_0_0/bd_0/ip/ip_16/sim/bd_a15e_bni_0.sv" into library xil_defaultlib
INFO: [VRFC 10-311] analyzing module bd_a15e_bni_0
INFO: [VRFC 10-2263] Analyzing SystemVerilog file "c:/Users/tommy/RfSoc/usp_rf_data_converter_0_ex/usp_rf_data_converter_0_ex.gen/sources_1/bd/rfdc_ex/ipshared/c6b2/hdl/sc_mmu_v1_0_vl_rfs.sv" into library smartconnect_v1_0
INFO: [VRFC 10-311] analyzing module sc_mmu_v1_0_12_addr_decoder
INFO: [VRFC 10-311] analyzing module sc_mmu_v1_0_12_decerr_slave
INFO: [VRFC 10-311] analyzing module sc_mmu_v1_0_12_top
INFO: [VRFC 10-2263] Analyzing SystemVerilog file "c:/Users/tommy/RfSoc/usp_rf_data_converter_0_ex/usp_rf_data_converter_0_ex.ip_user_files/bd/rfdc_ex/ip/rfdc_ex_smartconnect_0_0/bd_0/ip/ip_17/sim/bd_a15e_s00mmu_0.sv" into library xil_defaultlib
INFO: [VRFC 10-311] analyzing module bd_a15e_s00mmu_0
INFO: [VRFC 10-2263] Analyzing SystemVerilog file "c:/Users/tommy/RfSoc/usp_rf_data_converter_0_ex/usp_rf_data_converter_0_ex.gen/sources_1/bd/rfdc_ex/ipshared/abb8/hdl/sc_transaction_regulator_v1_0_vl_rfs.sv" into library smartconnect_v1_0
INFO: [VRFC 10-311] analyzing module sc_transaction_regulator_v1_0_10_singleorder
INFO: [VRFC 10-311] analyzing module sc_transaction_regulator_v1_0_10_multithread
INFO: [VRFC 10-311] analyzing module sc_transaction_regulator_v1_0_10_top
INFO: [VRFC 10-2263] Analyzing SystemVerilog file "c:/Users/tommy/RfSoc/usp_rf_data_converter_0_ex/usp_rf_data_converter_0_ex.ip_user_files/bd/rfdc_ex/ip/rfdc_ex_smartconnect_0_0/bd_0/ip/ip_18/sim/bd_a15e_s00tr_0.sv" into library xil_defaultlib
INFO: [VRFC 10-311] analyzing module bd_a15e_s00tr_0
INFO: [VRFC 10-2263] Analyzing SystemVerilog file "c:/Users/tommy/RfSoc/usp_rf_data_converter_0_ex/usp_rf_data_converter_0_ex.gen/sources_1/bd/rfdc_ex/ipshared/7827/hdl/sc_si_converter_v1_0_vl_rfs.sv" into library smartconnect_v1_0
INFO: [VRFC 10-311] analyzing module sc_si_converter_v1_0_12_arb_alg_rr
INFO: [VRFC 10-311] analyzing module sc_si_converter_v1_0_12_offset_fifo
INFO: [VRFC 10-311] analyzing module sc_si_converter_v1_0_12_splitter
INFO: [VRFC 10-311] analyzing module sc_si_converter_v1_0_12_wrap_narrow
INFO: [VRFC 10-311] analyzing module sc_si_converter_v1_0_12_axilite_conv
INFO: [VRFC 10-311] analyzing module sc_si_converter_v1_0_12_top
INFO: [VRFC 10-2263] Analyzing SystemVerilog file "c:/Users/tommy/RfSoc/usp_rf_data_converter_0_ex/usp_rf_data_converter_0_ex.ip_user_files/bd/rfdc_ex/ip/rfdc_ex_smartconnect_0_0/bd_0/ip/ip_19/sim/bd_a15e_s00sic_0.sv" into library xil_defaultlib
INFO: [VRFC 10-311] analyzing module bd_a15e_s00sic_0
INFO: [VRFC 10-2263] Analyzing SystemVerilog file "c:/Users/tommy/RfSoc/usp_rf_data_converter_0_ex/usp_rf_data_converter_0_ex.gen/sources_1/bd/rfdc_ex/ipshared/79ce/hdl/sc_axi2sc_v1_0_vl_rfs.sv" into library smartconnect_v1_0
INFO: [VRFC 10-311] analyzing module sc_axi2sc_v1_0_9_top
INFO: [VRFC 10-2263] Analyzing SystemVerilog file "c:/Users/tommy/RfSoc/usp_rf_data_converter_0_ex/usp_rf_data_converter_0_ex.ip_user_files/bd/rfdc_ex/ip/rfdc_ex_smartconnect_0_0/bd_0/ip/ip_20/sim/bd_a15e_s00a2s_0.sv" into library xil_defaultlib
INFO: [VRFC 10-311] analyzing module bd_a15e_s00a2s_0
INFO: [VRFC 10-2263] Analyzing SystemVerilog file "c:/Users/tommy/RfSoc/usp_rf_data_converter_0_ex/usp_rf_data_converter_0_ex.ip_user_files/bd/rfdc_ex/ip/rfdc_ex_smartconnect_0_0/bd_0/ip/ip_21/sim/bd_a15e_sarn_0.sv" into library xil_defaultlib
INFO: [VRFC 10-311] analyzing module bd_a15e_sarn_0
INFO: [VRFC 10-2263] Analyzing SystemVerilog file "c:/Users/tommy/RfSoc/usp_rf_data_converter_0_ex/usp_rf_data_converter_0_ex.ip_user_files/bd/rfdc_ex/ip/rfdc_ex_smartconnect_0_0/bd_0/ip/ip_22/sim/bd_a15e_srn_0.sv" into library xil_defaultlib
INFO: [VRFC 10-311] analyzing module bd_a15e_srn_0
INFO: [VRFC 10-2263] Analyzing SystemVerilog file "c:/Users/tommy/RfSoc/usp_rf_data_converter_0_ex/usp_rf_data_converter_0_ex.ip_user_files/bd/rfdc_ex/ip/rfdc_ex_smartconnect_0_0/bd_0/ip/ip_23/sim/bd_a15e_sawn_0.sv" into library xil_defaultlib
INFO: [VRFC 10-311] analyzing module bd_a15e_sawn_0
INFO: [VRFC 10-2263] Analyzing SystemVerilog file "c:/Users/tommy/RfSoc/usp_rf_data_converter_0_ex/usp_rf_data_converter_0_ex.ip_user_files/bd/rfdc_ex/ip/rfdc_ex_smartconnect_0_0/bd_0/ip/ip_24/sim/bd_a15e_swn_0.sv" into library xil_defaultlib
INFO: [VRFC 10-311] analyzing module bd_a15e_swn_0
INFO: [VRFC 10-2263] Analyzing SystemVerilog file "c:/Users/tommy/RfSoc/usp_rf_data_converter_0_ex/usp_rf_data_converter_0_ex.ip_user_files/bd/rfdc_ex/ip/rfdc_ex_smartconnect_0_0/bd_0/ip/ip_25/sim/bd_a15e_sbn_0.sv" into library xil_defaultlib
INFO: [VRFC 10-311] analyzing module bd_a15e_sbn_0
INFO: [VRFC 10-2263] Analyzing SystemVerilog file "c:/Users/tommy/RfSoc/usp_rf_data_converter_0_ex/usp_rf_data_converter_0_ex.ip_user_files/bd/rfdc_ex/ip/rfdc_ex_smartconnect_0_0/bd_0/ip/ip_26/sim/bd_a15e_s01mmu_0.sv" into library xil_defaultlib
INFO: [VRFC 10-311] analyzing module bd_a15e_s01mmu_0
INFO: [VRFC 10-2263] Analyzing SystemVerilog file "c:/Users/tommy/RfSoc/usp_rf_data_converter_0_ex/usp_rf_data_converter_0_ex.ip_user_files/bd/rfdc_ex/ip/rfdc_ex_smartconnect_0_0/bd_0/ip/ip_27/sim/bd_a15e_s01tr_0.sv" into library xil_defaultlib
INFO: [VRFC 10-311] analyzing module bd_a15e_s01tr_0
INFO: [VRFC 10-2263] Analyzing SystemVerilog file "c:/Users/tommy/RfSoc/usp_rf_data_converter_0_ex/usp_rf_data_converter_0_ex.ip_user_files/bd/rfdc_ex/ip/rfdc_ex_smartconnect_0_0/bd_0/ip/ip_28/sim/bd_a15e_s01sic_0.sv" into library xil_defaultlib
INFO: [VRFC 10-311] analyzing module bd_a15e_s01sic_0
INFO: [VRFC 10-2263] Analyzing SystemVerilog file "c:/Users/tommy/RfSoc/usp_rf_data_converter_0_ex/usp_rf_data_converter_0_ex.ip_user_files/bd/rfdc_ex/ip/rfdc_ex_smartconnect_0_0/bd_0/ip/ip_29/sim/bd_a15e_s01a2s_0.sv" into library xil_defaultlib
INFO: [VRFC 10-311] analyzing module bd_a15e_s01a2s_0
INFO: [VRFC 10-2263] Analyzing SystemVerilog file "c:/Users/tommy/RfSoc/usp_rf_data_converter_0_ex/usp_rf_data_converter_0_ex.ip_user_files/bd/rfdc_ex/ip/rfdc_ex_smartconnect_0_0/bd_0/ip/ip_30/sim/bd_a15e_sarn_1.sv" into library xil_defaultlib
INFO: [VRFC 10-311] analyzing module bd_a15e_sarn_1
INFO: [VRFC 10-2263] Analyzing SystemVerilog file "c:/Users/tommy/RfSoc/usp_rf_data_converter_0_ex/usp_rf_data_converter_0_ex.ip_user_files/bd/rfdc_ex/ip/rfdc_ex_smartconnect_0_0/bd_0/ip/ip_31/sim/bd_a15e_srn_1.sv" into library xil_defaultlib
INFO: [VRFC 10-311] analyzing module bd_a15e_srn_1
INFO: [VRFC 10-2263] Analyzing SystemVerilog file "c:/Users/tommy/RfSoc/usp_rf_data_converter_0_ex/usp_rf_data_converter_0_ex.ip_user_files/bd/rfdc_ex/ip/rfdc_ex_smartconnect_0_0/bd_0/ip/ip_32/sim/bd_a15e_sawn_1.sv" into library xil_defaultlib
INFO: [VRFC 10-311] analyzing module bd_a15e_sawn_1
INFO: [VRFC 10-2263] Analyzing SystemVerilog file "c:/Users/tommy/RfSoc/usp_rf_data_converter_0_ex/usp_rf_data_converter_0_ex.ip_user_files/bd/rfdc_ex/ip/rfdc_ex_smartconnect_0_0/bd_0/ip/ip_33/sim/bd_a15e_swn_1.sv" into library xil_defaultlib
INFO: [VRFC 10-311] analyzing module bd_a15e_swn_1
INFO: [VRFC 10-2263] Analyzing SystemVerilog file "c:/Users/tommy/RfSoc/usp_rf_data_converter_0_ex/usp_rf_data_converter_0_ex.ip_user_files/bd/rfdc_ex/ip/rfdc_ex_smartconnect_0_0/bd_0/ip/ip_34/sim/bd_a15e_sbn_1.sv" into library xil_defaultlib
INFO: [VRFC 10-311] analyzing module bd_a15e_sbn_1
INFO: [VRFC 10-2263] Analyzing SystemVerilog file "c:/Users/tommy/RfSoc/usp_rf_data_converter_0_ex/usp_rf_data_converter_0_ex.gen/sources_1/bd/rfdc_ex/ipshared/ebf7/hdl/sc_sc2axi_v1_0_vl_rfs.sv" into library smartconnect_v1_0
INFO: [VRFC 10-311] analyzing module sc_sc2axi_v1_0_9_top
INFO: [VRFC 10-2263] Analyzing SystemVerilog file "c:/Users/tommy/RfSoc/usp_rf_data_converter_0_ex/usp_rf_data_converter_0_ex.ip_user_files/bd/rfdc_ex/ip/rfdc_ex_smartconnect_0_0/bd_0/ip/ip_35/sim/bd_a15e_m00s2a_0.sv" into library xil_defaultlib
INFO: [VRFC 10-311] analyzing module bd_a15e_m00s2a_0
INFO: [VRFC 10-2263] Analyzing SystemVerilog file "c:/Users/tommy/RfSoc/usp_rf_data_converter_0_ex/usp_rf_data_converter_0_ex.ip_user_files/bd/rfdc_ex/ip/rfdc_ex_smartconnect_0_0/bd_0/ip/ip_36/sim/bd_a15e_m00arn_0.sv" into library xil_defaultlib
INFO: [VRFC 10-311] analyzing module bd_a15e_m00arn_0
INFO: [VRFC 10-2263] Analyzing SystemVerilog file "c:/Users/tommy/RfSoc/usp_rf_data_converter_0_ex/usp_rf_data_converter_0_ex.ip_user_files/bd/rfdc_ex/ip/rfdc_ex_smartconnect_0_0/bd_0/ip/ip_37/sim/bd_a15e_m00rn_0.sv" into library xil_defaultlib
INFO: [VRFC 10-311] analyzing module bd_a15e_m00rn_0
INFO: [VRFC 10-2263] Analyzing SystemVerilog file "c:/Users/tommy/RfSoc/usp_rf_data_converter_0_ex/usp_rf_data_converter_0_ex.ip_user_files/bd/rfdc_ex/ip/rfdc_ex_smartconnect_0_0/bd_0/ip/ip_38/sim/bd_a15e_m00awn_0.sv" into library xil_defaultlib
INFO: [VRFC 10-311] analyzing module bd_a15e_m00awn_0
INFO: [VRFC 10-2263] Analyzing SystemVerilog file "c:/Users/tommy/RfSoc/usp_rf_data_converter_0_ex/usp_rf_data_converter_0_ex.ip_user_files/bd/rfdc_ex/ip/rfdc_ex_smartconnect_0_0/bd_0/ip/ip_39/sim/bd_a15e_m00wn_0.sv" into library xil_defaultlib
INFO: [VRFC 10-311] analyzing module bd_a15e_m00wn_0
INFO: [VRFC 10-2263] Analyzing SystemVerilog file "c:/Users/tommy/RfSoc/usp_rf_data_converter_0_ex/usp_rf_data_converter_0_ex.ip_user_files/bd/rfdc_ex/ip/rfdc_ex_smartconnect_0_0/bd_0/ip/ip_40/sim/bd_a15e_m00bn_0.sv" into library xil_defaultlib
INFO: [VRFC 10-311] analyzing module bd_a15e_m00bn_0
INFO: [VRFC 10-2263] Analyzing SystemVerilog file "c:/Users/tommy/RfSoc/usp_rf_data_converter_0_ex/usp_rf_data_converter_0_ex.gen/sources_1/bd/rfdc_ex/ipshared/6eea/hdl/sc_exit_v1_0_vl_rfs.sv" into library smartconnect_v1_0
INFO: [VRFC 10-311] analyzing module sc_exit_v1_0_14_axi2vector
INFO: [VRFC 10-311] analyzing module sc_exit_v1_0_14_axi2vector_with_wid
INFO: [VRFC 10-311] analyzing module sc_exit_v1_0_14_axi3_conv
INFO: [VRFC 10-311] analyzing module sc_exit_v1_0_14_axic_register_slice
INFO: [VRFC 10-311] analyzing module sc_exit_v1_0_14_axi_register_slice
INFO: [VRFC 10-311] analyzing module sc_exit_v1_0_14_axilite_conv
INFO: [VRFC 10-311] analyzing module sc_exit_v1_0_14_exit
INFO: [VRFC 10-311] analyzing module sc_exit_v1_0_14_splitter
INFO: [VRFC 10-311] analyzing module sc_exit_v1_0_14_vector2axi
INFO: [VRFC 10-311] analyzing module sc_exit_v1_0_14_vector2axi_with_wid
INFO: [VRFC 10-311] analyzing module sc_exit_v1_0_14_top
INFO: [VRFC 10-311] analyzing module sc_exit_v1_0_14_multithread
INFO: [VRFC 10-2263] Analyzing SystemVerilog file "c:/Users/tommy/RfSoc/usp_rf_data_converter_0_ex/usp_rf_data_converter_0_ex.ip_user_files/bd/rfdc_ex/ip/rfdc_ex_smartconnect_0_0/bd_0/ip/ip_41/sim/bd_a15e_m00e_0.sv" into library xil_defaultlib
INFO: [VRFC 10-311] analyzing module bd_a15e_m00e_0
INFO: [VRFC 10-2263] Analyzing SystemVerilog file "c:/Users/tommy/RfSoc/usp_rf_data_converter_0_ex/usp_rf_data_converter_0_ex.ip_user_files/bd/rfdc_ex/ip/rfdc_ex_smartconnect_0_0/bd_0/ip/ip_42/sim/bd_a15e_m01s2a_0.sv" into library xil_defaultlib
INFO: [VRFC 10-311] analyzing module bd_a15e_m01s2a_0
INFO: [VRFC 10-2263] Analyzing SystemVerilog file "c:/Users/tommy/RfSoc/usp_rf_data_converter_0_ex/usp_rf_data_converter_0_ex.ip_user_files/bd/rfdc_ex/ip/rfdc_ex_smartconnect_0_0/bd_0/ip/ip_43/sim/bd_a15e_m01arn_0.sv" into library xil_defaultlib
INFO: [VRFC 10-311] analyzing module bd_a15e_m01arn_0
INFO: [VRFC 10-2263] Analyzing SystemVerilog file "c:/Users/tommy/RfSoc/usp_rf_data_converter_0_ex/usp_rf_data_converter_0_ex.ip_user_files/bd/rfdc_ex/ip/rfdc_ex_smartconnect_0_0/bd_0/ip/ip_44/sim/bd_a15e_m01rn_0.sv" into library xil_defaultlib
INFO: [VRFC 10-311] analyzing module bd_a15e_m01rn_0
INFO: [VRFC 10-2263] Analyzing SystemVerilog file "c:/Users/tommy/RfSoc/usp_rf_data_converter_0_ex/usp_rf_data_converter_0_ex.ip_user_files/bd/rfdc_ex/ip/rfdc_ex_smartconnect_0_0/bd_0/ip/ip_45/sim/bd_a15e_m01awn_0.sv" into library xil_defaultlib
INFO: [VRFC 10-311] analyzing module bd_a15e_m01awn_0
INFO: [VRFC 10-2263] Analyzing SystemVerilog file "c:/Users/tommy/RfSoc/usp_rf_data_converter_0_ex/usp_rf_data_converter_0_ex.ip_user_files/bd/rfdc_ex/ip/rfdc_ex_smartconnect_0_0/bd_0/ip/ip_46/sim/bd_a15e_m01wn_0.sv" into library xil_defaultlib
INFO: [VRFC 10-311] analyzing module bd_a15e_m01wn_0
INFO: [VRFC 10-2263] Analyzing SystemVerilog file "c:/Users/tommy/RfSoc/usp_rf_data_converter_0_ex/usp_rf_data_converter_0_ex.ip_user_files/bd/rfdc_ex/ip/rfdc_ex_smartconnect_0_0/bd_0/ip/ip_47/sim/bd_a15e_m01bn_0.sv" into library xil_defaultlib
INFO: [VRFC 10-311] analyzing module bd_a15e_m01bn_0
INFO: [VRFC 10-2263] Analyzing SystemVerilog file "c:/Users/tommy/RfSoc/usp_rf_data_converter_0_ex/usp_rf_data_converter_0_ex.ip_user_files/bd/rfdc_ex/ip/rfdc_ex_smartconnect_0_0/bd_0/ip/ip_48/sim/bd_a15e_m01e_0.sv" into library xil_defaultlib
INFO: [VRFC 10-311] analyzing module bd_a15e_m01e_0
INFO: [VRFC 10-2263] Analyzing SystemVerilog file "c:/Users/tommy/RfSoc/usp_rf_data_converter_0_ex/usp_rf_data_converter_0_ex.ip_user_files/bd/rfdc_ex/ip/rfdc_ex_smartconnect_0_0/bd_0/ip/ip_49/sim/bd_a15e_m02s2a_0.sv" into library xil_defaultlib
INFO: [VRFC 10-311] analyzing module bd_a15e_m02s2a_0
INFO: [VRFC 10-2263] Analyzing SystemVerilog file "c:/Users/tommy/RfSoc/usp_rf_data_converter_0_ex/usp_rf_data_converter_0_ex.ip_user_files/bd/rfdc_ex/ip/rfdc_ex_smartconnect_0_0/bd_0/ip/ip_50/sim/bd_a15e_m02arn_0.sv" into library xil_defaultlib
INFO: [VRFC 10-311] analyzing module bd_a15e_m02arn_0
INFO: [VRFC 10-2263] Analyzing SystemVerilog file "c:/Users/tommy/RfSoc/usp_rf_data_converter_0_ex/usp_rf_data_converter_0_ex.ip_user_files/bd/rfdc_ex/ip/rfdc_ex_smartconnect_0_0/bd_0/ip/ip_51/sim/bd_a15e_m02rn_0.sv" into library xil_defaultlib
INFO: [VRFC 10-311] analyzing module bd_a15e_m02rn_0
INFO: [VRFC 10-2263] Analyzing SystemVerilog file "c:/Users/tommy/RfSoc/usp_rf_data_converter_0_ex/usp_rf_data_converter_0_ex.ip_user_files/bd/rfdc_ex/ip/rfdc_ex_smartconnect_0_0/bd_0/ip/ip_52/sim/bd_a15e_m02awn_0.sv" into library xil_defaultlib
INFO: [VRFC 10-311] analyzing module bd_a15e_m02awn_0
INFO: [VRFC 10-2263] Analyzing SystemVerilog file "c:/Users/tommy/RfSoc/usp_rf_data_converter_0_ex/usp_rf_data_converter_0_ex.ip_user_files/bd/rfdc_ex/ip/rfdc_ex_smartconnect_0_0/bd_0/ip/ip_53/sim/bd_a15e_m02wn_0.sv" into library xil_defaultlib
INFO: [VRFC 10-311] analyzing module bd_a15e_m02wn_0
INFO: [VRFC 10-2263] Analyzing SystemVerilog file "c:/Users/tommy/RfSoc/usp_rf_data_converter_0_ex/usp_rf_data_converter_0_ex.ip_user_files/bd/rfdc_ex/ip/rfdc_ex_smartconnect_0_0/bd_0/ip/ip_54/sim/bd_a15e_m02bn_0.sv" into library xil_defaultlib
INFO: [VRFC 10-311] analyzing module bd_a15e_m02bn_0
INFO: [VRFC 10-2263] Analyzing SystemVerilog file "c:/Users/tommy/RfSoc/usp_rf_data_converter_0_ex/usp_rf_data_converter_0_ex.ip_user_files/bd/rfdc_ex/ip/rfdc_ex_smartconnect_0_0/bd_0/ip/ip_55/sim/bd_a15e_m02e_0.sv" into library xil_defaultlib
INFO: [VRFC 10-311] analyzing module bd_a15e_m02e_0
INFO: [VRFC 10-2263] Analyzing SystemVerilog file "c:/Users/tommy/RfSoc/usp_rf_data_converter_0_ex/usp_rf_data_converter_0_ex.ip_user_files/bd/rfdc_ex/ip/rfdc_ex_smartconnect_0_0/bd_0/ip/ip_56/sim/bd_a15e_m03s2a_0.sv" into library xil_defaultlib
INFO: [VRFC 10-311] analyzing module bd_a15e_m03s2a_0
INFO: [VRFC 10-2263] Analyzing SystemVerilog file "c:/Users/tommy/RfSoc/usp_rf_data_converter_0_ex/usp_rf_data_converter_0_ex.ip_user_files/bd/rfdc_ex/ip/rfdc_ex_smartconnect_0_0/bd_0/ip/ip_57/sim/bd_a15e_m03arn_0.sv" into library xil_defaultlib
INFO: [VRFC 10-311] analyzing module bd_a15e_m03arn_0
INFO: [VRFC 10-2263] Analyzing SystemVerilog file "c:/Users/tommy/RfSoc/usp_rf_data_converter_0_ex/usp_rf_data_converter_0_ex.ip_user_files/bd/rfdc_ex/ip/rfdc_ex_smartconnect_0_0/bd_0/ip/ip_58/sim/bd_a15e_m03rn_0.sv" into library xil_defaultlib
INFO: [VRFC 10-311] analyzing module bd_a15e_m03rn_0
INFO: [VRFC 10-2263] Analyzing SystemVerilog file "c:/Users/tommy/RfSoc/usp_rf_data_converter_0_ex/usp_rf_data_converter_0_ex.ip_user_files/bd/rfdc_ex/ip/rfdc_ex_smartconnect_0_0/bd_0/ip/ip_59/sim/bd_a15e_m03awn_0.sv" into library xil_defaultlib
INFO: [VRFC 10-311] analyzing module bd_a15e_m03awn_0
INFO: [VRFC 10-2263] Analyzing SystemVerilog file "c:/Users/tommy/RfSoc/usp_rf_data_converter_0_ex/usp_rf_data_converter_0_ex.ip_user_files/bd/rfdc_ex/ip/rfdc_ex_smartconnect_0_0/bd_0/ip/ip_60/sim/bd_a15e_m03wn_0.sv" into library xil_defaultlib
INFO: [VRFC 10-311] analyzing module bd_a15e_m03wn_0
INFO: [VRFC 10-2263] Analyzing SystemVerilog file "c:/Users/tommy/RfSoc/usp_rf_data_converter_0_ex/usp_rf_data_converter_0_ex.ip_user_files/bd/rfdc_ex/ip/rfdc_ex_smartconnect_0_0/bd_0/ip/ip_61/sim/bd_a15e_m03bn_0.sv" into library xil_defaultlib
INFO: [VRFC 10-311] analyzing module bd_a15e_m03bn_0
INFO: [VRFC 10-2263] Analyzing SystemVerilog file "c:/Users/tommy/RfSoc/usp_rf_data_converter_0_ex/usp_rf_data_converter_0_ex.ip_user_files/bd/rfdc_ex/ip/rfdc_ex_smartconnect_0_0/bd_0/ip/ip_62/sim/bd_a15e_m03e_0.sv" into library xil_defaultlib
INFO: [VRFC 10-311] analyzing module bd_a15e_m03e_0
INFO: [VRFC 10-2263] Analyzing SystemVerilog file "c:/Users/tommy/RfSoc/usp_rf_data_converter_0_ex/usp_rf_data_converter_0_ex.ip_user_files/bd/rfdc_ex/ip/rfdc_ex_smartconnect_0_0/bd_0/ip/ip_63/sim/bd_a15e_m04s2a_0.sv" into library xil_defaultlib
INFO: [VRFC 10-311] analyzing module bd_a15e_m04s2a_0
INFO: [VRFC 10-2263] Analyzing SystemVerilog file "c:/Users/tommy/RfSoc/usp_rf_data_converter_0_ex/usp_rf_data_converter_0_ex.ip_user_files/bd/rfdc_ex/ip/rfdc_ex_smartconnect_0_0/bd_0/ip/ip_64/sim/bd_a15e_m04arn_0.sv" into library xil_defaultlib
INFO: [VRFC 10-311] analyzing module bd_a15e_m04arn_0
INFO: [VRFC 10-2263] Analyzing SystemVerilog file "c:/Users/tommy/RfSoc/usp_rf_data_converter_0_ex/usp_rf_data_converter_0_ex.ip_user_files/bd/rfdc_ex/ip/rfdc_ex_smartconnect_0_0/bd_0/ip/ip_65/sim/bd_a15e_m04rn_0.sv" into library xil_defaultlib
INFO: [VRFC 10-311] analyzing module bd_a15e_m04rn_0
INFO: [VRFC 10-2263] Analyzing SystemVerilog file "c:/Users/tommy/RfSoc/usp_rf_data_converter_0_ex/usp_rf_data_converter_0_ex.ip_user_files/bd/rfdc_ex/ip/rfdc_ex_smartconnect_0_0/bd_0/ip/ip_66/sim/bd_a15e_m04awn_0.sv" into library xil_defaultlib
INFO: [VRFC 10-311] analyzing module bd_a15e_m04awn_0
INFO: [VRFC 10-2263] Analyzing SystemVerilog file "c:/Users/tommy/RfSoc/usp_rf_data_converter_0_ex/usp_rf_data_converter_0_ex.ip_user_files/bd/rfdc_ex/ip/rfdc_ex_smartconnect_0_0/bd_0/ip/ip_67/sim/bd_a15e_m04wn_0.sv" into library xil_defaultlib
INFO: [VRFC 10-311] analyzing module bd_a15e_m04wn_0
INFO: [VRFC 10-2263] Analyzing SystemVerilog file "c:/Users/tommy/RfSoc/usp_rf_data_converter_0_ex/usp_rf_data_converter_0_ex.ip_user_files/bd/rfdc_ex/ip/rfdc_ex_smartconnect_0_0/bd_0/ip/ip_68/sim/bd_a15e_m04bn_0.sv" into library xil_defaultlib
INFO: [VRFC 10-311] analyzing module bd_a15e_m04bn_0
INFO: [VRFC 10-2263] Analyzing SystemVerilog file "c:/Users/tommy/RfSoc/usp_rf_data_converter_0_ex/usp_rf_data_converter_0_ex.ip_user_files/bd/rfdc_ex/ip/rfdc_ex_smartconnect_0_0/bd_0/ip/ip_69/sim/bd_a15e_m04e_0.sv" into library xil_defaultlib
INFO: [VRFC 10-311] analyzing module bd_a15e_m04e_0
INFO: [VRFC 10-2263] Analyzing SystemVerilog file "c:/Users/tommy/RfSoc/usp_rf_data_converter_0_ex/usp_rf_data_converter_0_ex.ip_user_files/bd/rfdc_ex/ip/rfdc_ex_smartconnect_0_0/bd_0/ip/ip_70/sim/bd_a15e_m05s2a_0.sv" into library xil_defaultlib
INFO: [VRFC 10-311] analyzing module bd_a15e_m05s2a_0
INFO: [VRFC 10-2263] Analyzing SystemVerilog file "c:/Users/tommy/RfSoc/usp_rf_data_converter_0_ex/usp_rf_data_converter_0_ex.ip_user_files/bd/rfdc_ex/ip/rfdc_ex_smartconnect_0_0/bd_0/ip/ip_71/sim/bd_a15e_m05arn_0.sv" into library xil_defaultlib
INFO: [VRFC 10-311] analyzing module bd_a15e_m05arn_0
INFO: [VRFC 10-2263] Analyzing SystemVerilog file "c:/Users/tommy/RfSoc/usp_rf_data_converter_0_ex/usp_rf_data_converter_0_ex.ip_user_files/bd/rfdc_ex/ip/rfdc_ex_smartconnect_0_0/bd_0/ip/ip_72/sim/bd_a15e_m05rn_0.sv" into library xil_defaultlib
INFO: [VRFC 10-311] analyzing module bd_a15e_m05rn_0
INFO: [VRFC 10-2263] Analyzing SystemVerilog file "c:/Users/tommy/RfSoc/usp_rf_data_converter_0_ex/usp_rf_data_converter_0_ex.ip_user_files/bd/rfdc_ex/ip/rfdc_ex_smartconnect_0_0/bd_0/ip/ip_73/sim/bd_a15e_m05awn_0.sv" into library xil_defaultlib
INFO: [VRFC 10-311] analyzing module bd_a15e_m05awn_0
INFO: [VRFC 10-2263] Analyzing SystemVerilog file "c:/Users/tommy/RfSoc/usp_rf_data_converter_0_ex/usp_rf_data_converter_0_ex.ip_user_files/bd/rfdc_ex/ip/rfdc_ex_smartconnect_0_0/bd_0/ip/ip_74/sim/bd_a15e_m05wn_0.sv" into library xil_defaultlib
INFO: [VRFC 10-311] analyzing module bd_a15e_m05wn_0
INFO: [VRFC 10-2263] Analyzing SystemVerilog file "c:/Users/tommy/RfSoc/usp_rf_data_converter_0_ex/usp_rf_data_converter_0_ex.ip_user_files/bd/rfdc_ex/ip/rfdc_ex_smartconnect_0_0/bd_0/ip/ip_75/sim/bd_a15e_m05bn_0.sv" into library xil_defaultlib
INFO: [VRFC 10-311] analyzing module bd_a15e_m05bn_0
INFO: [VRFC 10-2263] Analyzing SystemVerilog file "c:/Users/tommy/RfSoc/usp_rf_data_converter_0_ex/usp_rf_data_converter_0_ex.ip_user_files/bd/rfdc_ex/ip/rfdc_ex_smartconnect_0_0/bd_0/ip/ip_76/sim/bd_a15e_m05e_0.sv" into library xil_defaultlib
INFO: [VRFC 10-311] analyzing module bd_a15e_m05e_0
INFO: [VRFC 10-2263] Analyzing Verilog file "c:/Users/tommy/RfSoc/usp_rf_data_converter_0_ex/usp_rf_data_converter_0_ex.gen/sources_1/bd/rfdc_ex/ipshared/ec67/hdl/axi_infrastructure_v1_1_vl_rfs.v" into library axi_infrastructure_v1_1_0
INFO: [VRFC 10-311] analyzing module axi_infrastructure_v1_1_0_axi2vector
INFO: [VRFC 10-311] analyzing module axi_infrastructure_v1_1_0_axic_srl_fifo
INFO: [VRFC 10-311] analyzing module axi_infrastructure_v1_1_0_vector2axi
INFO: [VRFC 10-2263] Analyzing Verilog file "c:/Users/tommy/RfSoc/usp_rf_data_converter_0_ex/usp_rf_data_converter_0_ex.gen/sources_1/bd/rfdc_ex/ipshared/ff9f/hdl/axi_register_slice_v2_1_vl_rfs.v" into library axi_register_slice_v2_1_29
INFO: [VRFC 10-311] analyzing module axi_register_slice_v2_1_29_test_master
INFO: [VRFC 10-311] analyzing module axi_register_slice_v2_1_29_test_slave
INFO: [VRFC 10-311] analyzing module axi_register_slice_v2_1_29_tdm_sample
INFO: [VRFC 10-311] analyzing module axi_register_slice_v2_1_29_auto_slr
INFO: [VRFC 10-311] analyzing module axi_register_slice_v2_1_29_auto_src
INFO: [VRFC 10-311] analyzing module axi_register_slice_v2_1_29_auto_dest
INFO: [VRFC 10-311] analyzing module axi_register_slice_v2_1_29_srl_rtl
INFO: [VRFC 10-311] analyzing module axi_register_slice_v2_1_29_axic_register_slice
INFO: [VRFC 10-311] analyzing module axi_register_slice_v2_1_29_multi_slr
INFO: [VRFC 10-311] analyzing module axi_register_slice_v2_1_29_middle_region_slr
INFO: [VRFC 10-311] analyzing module axi_register_slice_v2_1_29_source_region_slr
INFO: [VRFC 10-311] analyzing module axi_register_slice_v2_1_29_dest_region_slr
INFO: [VRFC 10-311] analyzing module axi_register_slice_v2_1_29_single_slr
INFO: [VRFC 10-311] analyzing module axi_register_slice_v2_1_29_axic_reg_srl_fifo
INFO: [VRFC 10-311] analyzing module axi_register_slice_v2_1_29_axi_register_slice
INFO: [VRFC 10-2263] Analyzing SystemVerilog file "c:/Users/tommy/RfSoc/usp_rf_data_converter_0_ex/usp_rf_data_converter_0_ex.gen/sources_1/bd/rfdc_ex/ipshared/5753/hdl/axi_vip_v1_1_vl_rfs.sv" into library axi_vip_v1_1_15
INFO: [VRFC 10-311] analyzing module axi_vip_v1_1_15_top
INFO: [VRFC 10-2263] Analyzing Verilog file "c:/Users/tommy/RfSoc/usp_rf_data_converter_0_ex/usp_rf_data_converter_0_ex.ip_user_files/bd/rfdc_ex/ip/rfdc_ex_smartconnect_0_0/sim/rfdc_ex_smartconnect_0_0.v" into library xil_defaultlib
INFO: [VRFC 10-311] analyzing module rfdc_ex_smartconnect_0_0
INFO: [VRFC 10-2263] Analyzing Verilog file "c:/Users/tommy/RfSoc/usp_rf_data_converter_0_ex/usp_rf_data_converter_0_ex.ip_user_files/bd/rfdc_ex/ip/rfdc_ex_adc_sink_i_0/sim/rfdc_ex_adc_sink_i_0.v" into library xil_defaultlib
INFO: [VRFC 10-311] analyzing module rfdc_ex_adc_sink_i_0
INFO: [VRFC 10-2263] Analyzing Verilog file "c:/Users/tommy/RfSoc/usp_rf_data_converter_0_ex/usp_rf_data_converter_0_ex.ip_user_files/bd/rfdc_ex/ip/rfdc_ex_dac_source_i_0/sim/rfdc_ex_dac_source_i_0.v" into library xil_defaultlib
INFO: [VRFC 10-311] analyzing module rfdc_ex_dac_source_i_0
INFO: [VRFC 10-2263] Analyzing Verilog file "c:/Users/tommy/RfSoc/usp_rf_data_converter_0_ex/usp_rf_data_converter_0_ex.ip_user_files/bd/rfdc_ex/ip/rfdc_ex_usp_rf_data_converter_0_0/synth/rfdc_ex_usp_rf_data_converter_0_0_block.v" into library xil_defaultlib
INFO: [VRFC 10-311] analyzing module rfdc_ex_usp_rf_data_converter_0_0_block
WARNING: [VRFC 10-8497] literal value 'd8 truncated to fit in 3 bits [c:/Users/tommy/RfSoc/usp_rf_data_converter_0_ex/usp_rf_data_converter_0_ex.ip_user_files/bd/rfdc_ex/ip/rfdc_ex_usp_rf_data_converter_0_0/synth/rfdc_ex_usp_rf_data_converter_0_0_block.v:270]
WARNING: [VRFC 10-8497] literal value 'd8 truncated to fit in 3 bits [c:/Users/tommy/RfSoc/usp_rf_data_converter_0_ex/usp_rf_data_converter_0_ex.ip_user_files/bd/rfdc_ex/ip/rfdc_ex_usp_rf_data_converter_0_0/synth/rfdc_ex_usp_rf_data_converter_0_0_block.v:329]
INFO: [VRFC 10-2263] Analyzing SystemVerilog file "c:/Users/tommy/RfSoc/usp_rf_data_converter_0_ex/usp_rf_data_converter_0_ex.ip_user_files/bd/rfdc_ex/ip/rfdc_ex_usp_rf_data_converter_0_0/synth/rfdc_ex_usp_rf_data_converter_0_0_por_fsm_top.sv" into library xil_defaultlib
INFO: [VRFC 10-311] analyzing module rfdc_ex_usp_rf_data_converter_0_0_por_fsm_top
INFO: [VRFC 10-2263] Analyzing Verilog file "c:/Users/tommy/RfSoc/usp_rf_data_converter_0_ex/usp_rf_data_converter_0_ex.ip_user_files/bd/rfdc_ex/ip/rfdc_ex_usp_rf_data_converter_0_0/synth/rfdc_ex_usp_rf_data_converter_0_0_bgt_fsm.v" into library xil_defaultlib
INFO: [VRFC 10-311] analyzing module rfdc_ex_usp_rf_data_converter_0_0_bgt_fsm
INFO: [VRFC 10-2263] Analyzing SystemVerilog file "c:/Users/tommy/RfSoc/usp_rf_data_converter_0_ex/usp_rf_data_converter_0_ex.ip_user_files/bd/rfdc_ex/ip/rfdc_ex_usp_rf_data_converter_0_0/synth/rfdc_ex_usp_rf_data_converter_0_0_device_rom.sv" into library xil_defaultlib
INFO: [VRFC 10-311] analyzing module rfdc_ex_usp_rf_data_converter_0_0_device_rom
INFO: [VRFC 10-2263] Analyzing SystemVerilog file "c:/Users/tommy/RfSoc/usp_rf_data_converter_0_ex/usp_rf_data_converter_0_ex.ip_user_files/bd/rfdc_ex/ip/rfdc_ex_usp_rf_data_converter_0_0/synth/rfdc_ex_usp_rf_data_converter_0_0_por_fsm.sv" into library xil_defaultlib
INFO: [VRFC 10-311] analyzing module rfdc_ex_usp_rf_data_converter_0_0_por_fsm
INFO: [VRFC 10-2263] Analyzing SystemVerilog file "c:/Users/tommy/RfSoc/usp_rf_data_converter_0_ex/usp_rf_data_converter_0_ex.ip_user_files/bd/rfdc_ex/ip/rfdc_ex_usp_rf_data_converter_0_0/synth/rfdc_ex_usp_rf_data_converter_0_0_por_fsm_disabled.sv" into library xil_defaultlib
INFO: [VRFC 10-311] analyzing module rfdc_ex_usp_rf_data_converter_0_0_por_fsm_disabled
INFO: [VRFC 10-2263] Analyzing SystemVerilog file "c:/Users/tommy/RfSoc/usp_rf_data_converter_0_ex/usp_rf_data_converter_0_ex.ip_user_files/bd/rfdc_ex/ip/rfdc_ex_usp_rf_data_converter_0_0/synth/rfdc_ex_usp_rf_data_converter_0_0_tile_config.sv" into library xil_defaultlib
INFO: [VRFC 10-311] analyzing module rfdc_ex_usp_rf_data_converter_0_0_tile_config
INFO: [VRFC 10-2263] Analyzing SystemVerilog file "c:/Users/tommy/RfSoc/usp_rf_data_converter_0_ex/usp_rf_data_converter_0_ex.ip_user_files/bd/rfdc_ex/ip/rfdc_ex_usp_rf_data_converter_0_0/synth/rfdc_ex_usp_rf_data_converter_0_0_constants_config.sv" into library xil_defaultlib
INFO: [VRFC 10-311] analyzing module rfdc_ex_usp_rf_data_converter_0_0_constants_config
INFO: [VRFC 10-2263] Analyzing Verilog file "c:/Users/tommy/RfSoc/usp_rf_data_converter_0_ex/usp_rf_data_converter_0_ex.ip_user_files/bd/rfdc_ex/ip/rfdc_ex_usp_rf_data_converter_0_0/synth/rfdc_ex_usp_rf_data_converter_0_0_drp_arbiter.v" into library xil_defaultlib
INFO: [VRFC 10-311] analyzing module rfdc_ex_usp_rf_data_converter_0_0_drp_arbiter
INFO: [VRFC 10-2263] Analyzing Verilog file "c:/Users/tommy/RfSoc/usp_rf_data_converter_0_ex/usp_rf_data_converter_0_ex.ip_user_files/bd/rfdc_ex/ip/rfdc_ex_usp_rf_data_converter_0_0/synth/rfdc_ex_usp_rf_data_converter_0_0_drp_arbiter_adc.v" into library xil_defaultlib
INFO: [VRFC 10-311] analyzing module rfdc_ex_usp_rf_data_converter_0_0_drp_arbiter_adc
INFO: [VRFC 10-2263] Analyzing Verilog file "c:/Users/tommy/RfSoc/usp_rf_data_converter_0_ex/usp_rf_data_converter_0_ex.ip_user_files/bd/rfdc_ex/ip/rfdc_ex_usp_rf_data_converter_0_0/synth/rfdc_ex_usp_rf_data_converter_0_0_register_decode.v" into library xil_defaultlib
INFO: [VRFC 10-311] analyzing module rfdc_ex_usp_rf_data_converter_0_0_register_decode
INFO: [VRFC 10-2263] Analyzing Verilog file "c:/Users/tommy/RfSoc/usp_rf_data_converter_0_ex/usp_rf_data_converter_0_ex.ip_user_files/bd/rfdc_ex/ip/rfdc_ex_usp_rf_data_converter_0_0/synth/rfdc_ex_usp_rf_data_converter_0_0_address_decoder.v" into library xil_defaultlib
INFO: [VRFC 10-311] analyzing module rfdc_ex_usp_rf_data_converter_0_0_address_decoder
INFO: [VRFC 10-2263] Analyzing Verilog file "c:/Users/tommy/RfSoc/usp_rf_data_converter_0_ex/usp_rf_data_converter_0_ex.ip_user_files/bd/rfdc_ex/ip/rfdc_ex_usp_rf_data_converter_0_0/synth/rfdc_ex_usp_rf_data_converter_0_0_axi_lite_ipif.v" into library xil_defaultlib
INFO: [VRFC 10-311] analyzing module rfdc_ex_usp_rf_data_converter_0_0_axi_lite_ipif
INFO: [VRFC 10-2263] Analyzing Verilog file "c:/Users/tommy/RfSoc/usp_rf_data_converter_0_ex/usp_rf_data_converter_0_ex.ip_user_files/bd/rfdc_ex/ip/rfdc_ex_usp_rf_data_converter_0_0/synth/rfdc_ex_usp_rf_data_converter_0_0_counter_f.v" into library xil_defaultlib
INFO: [VRFC 10-311] analyzing module rfdc_ex_usp_rf_data_converter_0_0_counter_f
INFO: [VRFC 10-2263] Analyzing Verilog file "c:/Users/tommy/RfSoc/usp_rf_data_converter_0_ex/usp_rf_data_converter_0_ex.ip_user_files/bd/rfdc_ex/ip/rfdc_ex_usp_rf_data_converter_0_0/synth/rfdc_ex_usp_rf_data_converter_0_0_pselect_f.v" into library xil_defaultlib
INFO: [VRFC 10-311] analyzing module rfdc_ex_usp_rf_data_converter_0_0_pselect_f
INFO: [VRFC 10-2263] Analyzing Verilog file "c:/Users/tommy/RfSoc/usp_rf_data_converter_0_ex/usp_rf_data_converter_0_ex.ip_user_files/bd/rfdc_ex/ip/rfdc_ex_usp_rf_data_converter_0_0/synth/rfdc_ex_usp_rf_data_converter_0_0_slave_attachment.v" into library xil_defaultlib
INFO: [VRFC 10-311] analyzing module rfdc_ex_usp_rf_data_converter_0_0_slave_attachment
INFO: [VRFC 10-2263] Analyzing Verilog file "c:/Users/tommy/RfSoc/usp_rf_data_converter_0_ex/usp_rf_data_converter_0_ex.ip_user_files/bd/rfdc_ex/ip/rfdc_ex_usp_rf_data_converter_0_0/synth/rfdc_ex_usp_rf_data_converter_0_0_rf_wrapper.v" into library xil_defaultlib
INFO: [VRFC 10-311] analyzing module rfdc_ex_usp_rf_data_converter_0_0_rf_wrapper
INFO: [VRFC 10-2263] Analyzing Verilog file "c:/Users/tommy/RfSoc/usp_rf_data_converter_0_ex/usp_rf_data_converter_0_ex.ip_user_files/bd/rfdc_ex/ip/rfdc_ex_usp_rf_data_converter_0_0/synth/rfdc_ex_usp_rf_data_converter_0_0_drp_control_top.v" into library xil_defaultlib
INFO: [VRFC 10-311] analyzing module rfdc_ex_usp_rf_data_converter_0_0_drp_control_top
INFO: [VRFC 10-2263] Analyzing Verilog file "c:/Users/tommy/RfSoc/usp_rf_data_converter_0_ex/usp_rf_data_converter_0_ex.ip_user_files/bd/rfdc_ex/ip/rfdc_ex_usp_rf_data_converter_0_0/synth/rfdc_ex_usp_rf_data_converter_0_0_drp_control.v" into library xil_defaultlib
INFO: [VRFC 10-311] analyzing module rfdc_ex_usp_rf_data_converter_0_0_drp_control
INFO: [VRFC 10-2263] Analyzing Verilog file "c:/Users/tommy/RfSoc/usp_rf_data_converter_0_ex/usp_rf_data_converter_0_ex.ip_user_files/bd/rfdc_ex/ip/rfdc_ex_usp_rf_data_converter_0_0/synth/rfdc_ex_usp_rf_data_converter_0_0_drp_access_ctrl.v" into library xil_defaultlib
INFO: [VRFC 10-311] analyzing module rfdc_ex_usp_rf_data_converter_0_0_drp_access_ctrl
INFO: [VRFC 10-2263] Analyzing Verilog file "c:/Users/tommy/RfSoc/usp_rf_data_converter_0_ex/usp_rf_data_converter_0_ex.ip_user_files/bd/rfdc_ex/ip/rfdc_ex_usp_rf_data_converter_0_0/synth/rfdc_ex_usp_rf_data_converter_0_0_irq_req_ack.v" into library xil_defaultlib
INFO: [VRFC 10-311] analyzing module rfdc_ex_usp_rf_data_converter_0_0_irq_req_ack
INFO: [VRFC 10-2263] Analyzing Verilog file "c:/Users/tommy/RfSoc/usp_rf_data_converter_0_ex/usp_rf_data_converter_0_ex.ip_user_files/bd/rfdc_ex/ip/rfdc_ex_usp_rf_data_converter_0_0/synth/rfdc_ex_usp_rf_data_converter_0_0_irq_sync.v" into library xil_defaultlib
INFO: [VRFC 10-311] analyzing module rfdc_ex_usp_rf_data_converter_0_0_irq_sync
INFO: [VRFC 10-2263] Analyzing Verilog file "c:/Users/tommy/RfSoc/usp_rf_data_converter_0_ex/usp_rf_data_converter_0_ex.ip_user_files/bd/rfdc_ex/ip/rfdc_ex_usp_rf_data_converter_0_0/synth/rfdc_ex_usp_rf_data_converter_0_0bufg_gt_ctrl.v" into library xil_defaultlib
INFO: [VRFC 10-311] analyzing module rfdc_ex_usp_rf_data_converter_0_0_bufg_gt_ctrl
INFO: [VRFC 10-2263] Analyzing Verilog file "c:/Users/tommy/RfSoc/usp_rf_data_converter_0_ex/usp_rf_data_converter_0_ex.ip_user_files/bd/rfdc_ex/ip/rfdc_ex_usp_rf_data_converter_0_0/synth/rfdc_ex_usp_rf_data_converter_0_0_overvol_irq.v" into library xil_defaultlib
INFO: [VRFC 10-311] analyzing module rfdc_ex_usp_rf_data_converter_0_0_overvol_irq
INFO: [VRFC 10-2263] Analyzing Verilog file "c:/Users/tommy/RfSoc/usp_rf_data_converter_0_ex/usp_rf_data_converter_0_ex.ip_user_files/bd/rfdc_ex/ip/rfdc_ex_usp_rf_data_converter_0_0/synth/rfdc_ex_usp_rf_data_converter_0_0_powerup_state_irq.v" into library xil_defaultlib
INFO: [VRFC 10-311] analyzing module rfdc_ex_usp_rf_data_converter_0_0_powerup_state_irq
INFO: [VRFC 10-2263] Analyzing Verilog file "c:/Users/tommy/RfSoc/usp_rf_data_converter_0_ex/usp_rf_data_converter_0_ex.ip_user_files/bd/rfdc_ex/ip/rfdc_ex_usp_rf_data_converter_0_0/synth/rfdc_ex_usp_rf_data_converter_0_0_rst_cnt.v" into library xil_defaultlib
INFO: [VRFC 10-311] analyzing module rfdc_ex_usp_rf_data_converter_0_0_reset_count
INFO: [VRFC 10-2263] Analyzing Verilog file "c:/Users/tommy/RfSoc/usp_rf_data_converter_0_ex/usp_rf_data_converter_0_ex.ip_user_files/bd/rfdc_ex/ip/rfdc_ex_usp_rf_data_converter_0_0/synth/rfdc_ex_usp_rf_data_converter_0_0_clk_detection.v" into library xil_defaultlib
INFO: [VRFC 10-311] analyzing module rfdc_ex_usp_rf_data_converter_0_0_clk_detection
INFO: [VRFC 10-2263] Analyzing Verilog file "c:/Users/tommy/RfSoc/usp_rf_data_converter_0_ex/usp_rf_data_converter_0_ex.ip_user_files/bd/rfdc_ex/ip/rfdc_ex_usp_rf_data_converter_0_0/synth/rfdc_ex_usp_rf_data_converter_0_0.v" into library xil_defaultlib
INFO: [VRFC 10-311] analyzing module rfdc_ex_usp_rf_data_converter_0_0
INFO: [VRFC 10-2263] Analyzing Verilog file "c:/Users/tommy/RfSoc/usp_rf_data_converter_0_ex/usp_rf_data_converter_0_ex.gen/sources_1/bd/rfdc_ex/ipshared/b140/hdl/jtag_axi_v1_2_rfs.v" into library jtag_axi
INFO: [VRFC 10-311] analyzing module jtag_axi_v1_2_18_jtag_axi
INFO: [VRFC 10-2263] Analyzing Verilog file "c:/Users/tommy/RfSoc/usp_rf_data_converter_0_ex/usp_rf_data_converter_0_ex.ip_user_files/bd/rfdc_ex/ip/rfdc_ex_jtag_axi_0_0/sim/rfdc_ex_jtag_axi_0_0.v" into library xil_defaultlib
INFO: [VRFC 10-311] analyzing module rfdc_ex_jtag_axi_0_0
INFO: [VRFC 10-2263] Analyzing Verilog file "c:/Users/tommy/RfSoc/usp_rf_data_converter_0_ex/usp_rf_data_converter_0_ex.gen/sources_1/bd/rfdc_ex/ipshared/3c0c/simulation/blk_mem_gen_v8_4.v" into library blk_mem_gen_v8_4_7
INFO: [VRFC 10-311] analyzing module STATE_LOGIC_v8_4
INFO: [VRFC 10-311] analyzing module beh_vlog_muxf7_v8_4
INFO: [VRFC 10-311] analyzing module beh_vlog_ff_clr_v8_4
INFO: [VRFC 10-311] analyzing module beh_vlog_ff_pre_v8_4
INFO: [VRFC 10-311] analyzing module beh_vlog_ff_ce_clr_v8_4
INFO: [VRFC 10-311] analyzing module write_netlist_v8_4
INFO: [VRFC 10-311] analyzing module read_netlist_v8_4
INFO: [VRFC 10-311] analyzing module blk_mem_axi_write_wrapper_beh_v8_4
INFO: [VRFC 10-311] analyzing module blk_mem_axi_read_wrapper_beh_v8_4
INFO: [VRFC 10-311] analyzing module blk_mem_axi_regs_fwd_v8_4
INFO: [VRFC 10-311] analyzing module blk_mem_gen_v8_4_7_output_stage
INFO: [VRFC 10-311] analyzing module blk_mem_gen_v8_4_7_softecc_output_reg_stage
INFO: [VRFC 10-311] analyzing module blk_mem_gen_v8_4_7_mem_module
INFO: [VRFC 10-311] analyzing module blk_mem_gen_v8_4_7
INFO: [VRFC 10-2263] Analyzing Verilog file "c:/Users/tommy/RfSoc/usp_rf_data_converter_0_ex/usp_rf_data_converter_0_ex.ip_user_files/bd/rfdc_ex/ip/rfdc_ex_lmb_bram_0/sim/rfdc_ex_lmb_bram_0.v" into library xil_defaultlib
INFO: [VRFC 10-311] analyzing module rfdc_ex_lmb_bram_0
INFO: [VRFC 10-2263] Analyzing Verilog file "c:/Users/tommy/RfSoc/usp_rf_data_converter_0_ex/usp_rf_data_converter_0_ex.ip_user_files/bd/rfdc_ex/ip/rfdc_ex_clk_wiz_dac0_0/rfdc_ex_clk_wiz_dac0_0_mmcm_pll_drp.v" into library xil_defaultlib
INFO: [VRFC 10-311] analyzing module rfdc_ex_clk_wiz_dac0_0_mmcm_drp
INFO: [VRFC 10-2263] Analyzing Verilog file "c:/Users/tommy/RfSoc/usp_rf_data_converter_0_ex/usp_rf_data_converter_0_ex.ip_user_files/bd/rfdc_ex/ip/rfdc_ex_clk_wiz_dac0_0/rfdc_ex_clk_wiz_dac0_0_clk_wiz.v" into library xil_defaultlib
INFO: [VRFC 10-311] analyzing module rfdc_ex_clk_wiz_dac0_0_clk_wiz
INFO: [VRFC 10-2263] Analyzing Verilog file "c:/Users/tommy/RfSoc/usp_rf_data_converter_0_ex/usp_rf_data_converter_0_ex.ip_user_files/bd/rfdc_ex/ip/rfdc_ex_clk_wiz_dac0_0/rfdc_ex_clk_wiz_dac0_0.v" into library xil_defaultlib
INFO: [VRFC 10-311] analyzing module rfdc_ex_clk_wiz_dac0_0
INFO: [VRFC 10-2263] Analyzing Verilog file "c:/Users/tommy/RfSoc/usp_rf_data_converter_0_ex/usp_rf_data_converter_0_ex.ip_user_files/bd/rfdc_ex/ip/rfdc_ex_clk_wiz_adc0_0/rfdc_ex_clk_wiz_adc0_0_mmcm_pll_drp.v" into library xil_defaultlib
INFO: [VRFC 10-311] analyzing module rfdc_ex_clk_wiz_adc0_0_mmcm_drp
INFO: [VRFC 10-2263] Analyzing Verilog file "c:/Users/tommy/RfSoc/usp_rf_data_converter_0_ex/usp_rf_data_converter_0_ex.ip_user_files/bd/rfdc_ex/ip/rfdc_ex_clk_wiz_adc0_0/rfdc_ex_clk_wiz_adc0_0_clk_wiz.v" into library xil_defaultlib
INFO: [VRFC 10-311] analyzing module rfdc_ex_clk_wiz_adc0_0_clk_wiz
INFO: [VRFC 10-2263] Analyzing Verilog file "c:/Users/tommy/RfSoc/usp_rf_data_converter_0_ex/usp_rf_data_converter_0_ex.ip_user_files/bd/rfdc_ex/ip/rfdc_ex_clk_wiz_adc0_0/rfdc_ex_clk_wiz_adc0_0.v" into library xil_defaultlib
INFO: [VRFC 10-311] analyzing module rfdc_ex_clk_wiz_adc0_0
INFO: [VRFC 10-2263] Analyzing Verilog file "c:/Users/tommy/RfSoc/usp_rf_data_converter_0_ex/usp_rf_data_converter_0_ex.ip_user_files/bd/rfdc_ex/sim/rfdc_ex.v" into library xil_defaultlib
INFO: [VRFC 10-311] analyzing module clocking_block_imp_1Q9S2IC
INFO: [VRFC 10-311] analyzing module ex_design_imp_1MGVD6J
INFO: [VRFC 10-311] analyzing module microblaze_0_local_memory_imp_1FP2N28
INFO: [VRFC 10-311] analyzing module rfdc_ex
INFO: [VRFC 10-2263] Analyzing Verilog file "c:/Users/tommy/RfSoc/usp_rf_data_converter_0_ex/imports/demo_tb_axi4l_decode.v" into library xil_defaultlib
INFO: [VRFC 10-311] analyzing module demo_tb_axi4l_decode
INFO: [VRFC 10-2263] Analyzing Verilog file "c:/Users/tommy/RfSoc/usp_rf_data_converter_0_ex/imports/demo_tb_axi_transaction_decode_hsams.v" into library xil_defaultlib
INFO: [VRFC 10-311] analyzing module demo_tb_axi_transaction_decode_hsams
INFO: [VRFC 10-311] analyzing module hsams_axi_decode_address_to_string
INFO: [VRFC 10-2263] Analyzing Verilog file "c:/Users/tommy/RfSoc/usp_rf_data_converter_0_ex/imports/demo_tb_clk_gen.v" into library xil_defaultlib
INFO: [VRFC 10-311] analyzing module demo_tb_clk_gen
INFO: [VRFC 10-2263] Analyzing Verilog file "c:/Users/tommy/RfSoc/usp_rf_data_converter_0_ex/imports/demo_tb_hsadc_ctrl.v" into library xil_defaultlib
INFO: [VRFC 10-311] analyzing module adc0_demo_tb_hsadc_ctrl_axi
INFO: [VRFC 10-311] analyzing module adc1_demo_tb_hsadc_ctrl_axi
INFO: [VRFC 10-311] analyzing module adc2_demo_tb_hsadc_ctrl_axi
INFO: [VRFC 10-311] analyzing module adc3_demo_tb_hsadc_ctrl_axi
INFO: [VRFC 10-311] analyzing module adc_demo_tb_cfg
INFO: [VRFC 10-311] analyzing module demo_tb_hsadc_ctrl_axi
INFO: [VRFC 10-311] analyzing module demo_tb_hsadc_ctrl_hshk_pls_gen
INFO: [VRFC 10-311] analyzing module demo_tb_hsadc_ctrl_sync
INFO: [VRFC 10-311] analyzing module demo_tb_hsadc_ctrl
INFO: [VRFC 10-2263] Analyzing Verilog file "c:/Users/tommy/RfSoc/usp_rf_data_converter_0_ex/imports/demo_tb_hsdac_ctrl.v" into library xil_defaultlib
INFO: [VRFC 10-311] analyzing module dac0_demo_tb_hsdac_ctrl_axi
INFO: [VRFC 10-311] analyzing module dac1_demo_tb_hsdac_ctrl_axi
INFO: [VRFC 10-311] analyzing module dac2_demo_tb_hsdac_ctrl_axi
INFO: [VRFC 10-311] analyzing module dac3_demo_tb_hsdac_ctrl_axi
INFO: [VRFC 10-311] analyzing module dac_demo_tb_cfg
INFO: [VRFC 10-311] analyzing module demo_tb_hsdac_ctrl
INFO: [VRFC 10-311] analyzing module demo_tb_hsdac_ctrl_axi
INFO: [VRFC 10-311] analyzing module demo_tb_hsdac_ctrl_hshk_pls_gen
INFO: [VRFC 10-311] analyzing module demo_tb_hsdac_ctrl_sync
INFO: [VRFC 10-2263] Analyzing Verilog file "c:/Users/tommy/RfSoc/usp_rf_data_converter_0_ex/imports/demo_tb_rfadc_drp_decode.v" into library xil_defaultlib
INFO: [VRFC 10-311] analyzing module rfadc_drp_decode
INFO: [VRFC 10-311] analyzing module hsadc_axi_decode_address_to_string
INFO: [VRFC 10-2263] Analyzing Verilog file "c:/Users/tommy/RfSoc/usp_rf_data_converter_0_ex/imports/demo_tb_rfdac_data_source.v" into library xil_defaultlib
INFO: [VRFC 10-311] analyzing module demo_tb_rfdac_data_source
INFO: [VRFC 10-2263] Analyzing Verilog file "c:/Users/tommy/RfSoc/usp_rf_data_converter_0_ex/imports/demo_tb_rfdac_drp_decode.v" into library xil_defaultlib
INFO: [VRFC 10-311] analyzing module rfdac_drp_decode
INFO: [VRFC 10-311] analyzing module hsdac_axi_decode_address_to_string
INFO: [VRFC 10-2263] Analyzing Verilog file "c:/Users/tommy/RfSoc/usp_rf_data_converter_0_ex/imports/demo_tb_rfdac_sine_wave_lut.v" into library xil_defaultlib
INFO: [VRFC 10-311] analyzing module demo_tb_rfdac_sine_wave_lut
INFO: [VRFC 10-2263] Analyzing Verilog file "c:/Users/tommy/RfSoc/usp_rf_data_converter_0_ex/imports/demo_tb_rfdac_tile_source.v" into library xil_defaultlib
INFO: [VRFC 10-311] analyzing module dg_slice
INFO: [VRFC 10-311] analyzing module dg_cell
INFO: [VRFC 10-2263] Analyzing Verilog file "c:/Users/tommy/RfSoc/usp_rf_data_converter_0_ex/imports/usp_rf_data_converter_0_demo_tb_rfadc_ctrl.v" into library xil_defaultlib
INFO: [VRFC 10-311] analyzing module adc_sink_demo_tb_cfg
INFO: [VRFC 10-311] analyzing module adc0_rfadc_sink_demo_tb_ctrl_axi
INFO: [VRFC 10-311] analyzing module adc1_rfadc_sink_demo_tb_ctrl_axi
INFO: [VRFC 10-311] analyzing module adc2_rfadc_sink_demo_tb_ctrl_axi
INFO: [VRFC 10-311] analyzing module adc3_rfadc_sink_demo_tb_ctrl_axi
INFO: [VRFC 10-311] analyzing module rfadc_sink_demo_tb_ctrl
INFO: [VRFC 10-311] analyzing module rfadc_sink_demo_tb_ctrl_hshk_pls_gen
INFO: [VRFC 10-311] analyzing module rfadc_sink_demo_tb_ctrl_sync
INFO: [VRFC 10-311] analyzing module rfadc_sink_demo_tb_ctrl_axi
INFO: [VRFC 10-2263] Analyzing Verilog file "c:/Users/tommy/RfSoc/usp_rf_data_converter_0_ex/imports/usp_rf_data_converter_0_demo_tb_rfdac_ctrl.v" into library xil_defaultlib
INFO: [VRFC 10-311] analyzing module dac_source_demo_tb_cfg
INFO: [VRFC 10-311] analyzing module dac0_rfdac_source_demo_tb_ctrl_axi
INFO: [VRFC 10-311] analyzing module dac1_rfdac_source_demo_tb_ctrl_axi
INFO: [VRFC 10-311] analyzing module dac2_rfdac_source_demo_tb_ctrl_axi
INFO: [VRFC 10-311] analyzing module dac3_rfdac_source_demo_tb_ctrl_axi
INFO: [VRFC 10-311] analyzing module rfdac_source_demo_tb_ctrl
INFO: [VRFC 10-311] analyzing module rfdac_source_demo_tb_ctrl_axi
INFO: [VRFC 10-311] analyzing module rfdac_source_demo_tb_ctrl_hshk_pls_gen
INFO: [VRFC 10-311] analyzing module rfdac_source_demo_tb_ctrl_sync
INFO: [VRFC 10-2263] Analyzing Verilog file "c:/Users/tommy/RfSoc/usp_rf_data_converter_0_ex/imports/usp_rf_data_converter_0_example_design.v" into library xil_defaultlib
INFO: [VRFC 10-311] analyzing module usp_rf_data_converter_0_example_design
INFO: [VRFC 10-2263] Analyzing SystemVerilog file "c:/Users/tommy/RfSoc/usp_rf_data_converter_0_ex/imports/demo_tb_rfdac_utils_pkg.svh" into library xil_defaultlib
INFO: [VRFC 10-2263] Analyzing SystemVerilog file "c:/Users/tommy/RfSoc/usp_rf_data_converter_0_ex/imports/demo_tb_axi4l_nano_seq.sv" into library xil_defaultlib
INFO: [VRFC 10-311] analyzing module demo_tb_axi4l_nano_seq
INFO: [VRFC 10-311] analyzing module axi4l_ns_rw_2_axi
INFO: [VRFC 10-2263] Analyzing SystemVerilog file "c:/Users/tommy/RfSoc/usp_rf_data_converter_0_ex/imports/demo_tb_fft_checker.sv" into library xil_defaultlib
INFO: [VRFC 10-311] analyzing module fft_checker
INFO: [VRFC 10-2263] Analyzing SystemVerilog file "c:/Users/tommy/RfSoc/usp_rf_data_converter_0_ex/imports/demo_tb_rfadc_data_sink.sv" into library xil_defaultlib
INFO: [VRFC 10-311] analyzing module demo_tb_rfadc_data_sink
INFO: [VRFC 10-2263] Analyzing SystemVerilog file "c:/Users/tommy/RfSoc/usp_rf_data_converter_0_ex/imports/demo_tb_rfadc_data_source.sv" into library xil_defaultlib
INFO: [VRFC 10-311] analyzing module demo_tb_rfadc_data_source
INFO: [VRFC 10-2263] Analyzing SystemVerilog file "c:/Users/tommy/RfSoc/usp_rf_data_converter_0_ex/imports/demo_tb_rfadc_tile_sink.sv" into library xil_defaultlib
INFO: [VRFC 10-311] analyzing module ds_slice
INFO: [VRFC 10-311] analyzing module adc_fft_checker_wrapper
INFO: [VRFC 10-2263] Analyzing SystemVerilog file "c:/Users/tommy/RfSoc/usp_rf_data_converter_0_ex/imports/demo_tb_rfadc_tile_source.sv" into library xil_defaultlib
INFO: [VRFC 10-311] analyzing module demo_tb_rfadc_tile_source
INFO: [VRFC 10-311] analyzing module adc_src_slice
INFO: [VRFC 10-311] analyzing module hsadc_data_source
INFO: [VRFC 10-311] analyzing module adc_gen_cell
INFO: [VRFC 10-311] analyzing module demo_tb_rfadc_sine_wave_lut
INFO: [VRFC 10-2263] Analyzing SystemVerilog file "c:/Users/tommy/RfSoc/usp_rf_data_converter_0_ex/imports/demo_tb_rfdac_data_sink.sv" into library xil_defaultlib
INFO: [VRFC 10-311] analyzing module demo_tb_rfdac_data_sink
INFO: [VRFC 10-2263] Analyzing SystemVerilog file "c:/Users/tommy/RfSoc/usp_rf_data_converter_0_ex/imports/demo_tb_rfdac_tile_sink.sv" into library xil_defaultlib
INFO: [VRFC 10-311] analyzing module demo_tb_rfdac_tile_sink
INFO: [VRFC 10-311] analyzing module hsdac_ts_slice
INFO: [VRFC 10-311] analyzing module hsdac_data_sink
INFO: [VRFC 10-311] analyzing module fft_checker_wrapper
INFO: [VRFC 10-2263] Analyzing SystemVerilog file "c:/Users/tommy/RfSoc/usp_rf_data_converter_0_ex/imports/demo_tb.sv" into library xil_defaultlib
INFO: [VRFC 10-311] analyzing module demo_tb
INFO: [VRFC 10-311] analyzing module demo_tb_signal_ranges
INFO: [VRFC 10-311] analyzing module dtb_sig_range_axis
INFO: [VRFC 10-311] analyzing module dtb_sig_range_analog
INFO: [VRFC 10-311] analyzing module demo_tb_clk_gen_wrap
INFO: [VRFC 10-311] analyzing module demo_tb_dut_checker
INFO: [VRFC 10-2263] Analyzing Verilog file "c:/Users/tommy/RfSoc/usp_rf_data_converter_0_ex/usp_rf_data_converter_0_ex.sim/sim_1/behav/xsim/glbl.v" into library xil_defaultlib
INFO: [VRFC 10-311] analyzing module glbl
