
*** Running vivado
    with args -log rfdc_ex_ilmb_v10_0.vds -m64 -product Vivado -mode batch -messageDb vivado.pb -notrace -source rfdc_ex_ilmb_v10_0.tcl


ECHO is off.
ECHO is off.

****** Vivado v2023.2 (64-bit)
  **** SW Build 4029153 on Fri Oct 13 20:14:34 MDT 2023
  **** IP Build 4028589 on Sat Oct 14 00:45:43 MDT 2023
  **** SharedData Build 4025554 on Tue Oct 10 17:18:54 MDT 2023
    ** Copyright 1986-2022 Xilinx, Inc. All Rights Reserved.
    ** Copyright 2022-2023 Advanced Micro Devices, Inc. All Rights Reserved.

Sourcing tcl script 'C:/Users/tommy/AppData/Roaming/Xilinx/Vivado/Vivado_init.tcl'
110 Beta devices matching pattern found, 34 enabled.
enable_beta_device: Time (s): cpu = 00:00:04 ; elapsed = 00:00:12 . Memory (MB): peak = 441.984 ; gain = 159.953
source rfdc_ex_ilmb_v10_0.tcl -notrace
INFO: [IP_Flow 19-6924] IPCACHE: Running cache check for IP inst: rfdc_ex_ilmb_v10_0
INFO: [IP_Flow 19-6922] IPCACHE: Exporting cached entry 7d5c8aa4bdb46df9 to dir: c:/Users/tommy/RfSoc/usp_rf_data_converter_0_ex/usp_rf_data_converter_0_ex.runs/rfdc_ex_ilmb_v10_0_synth_1
INFO: [IP_Flow 19-6928] IPCACHE: copied cached file c:/Users/tommy/RfSoc/usp_rf_data_converter_0_ex/usp_rf_data_converter_0_ex.cache/ip/2023.2/7/d/7d5c8aa4bdb46df9/rfdc_ex_dlmb_v10_0.dcp to c:/Users/tommy/RfSoc/usp_rf_data_converter_0_ex/usp_rf_data_converter_0_ex.runs/rfdc_ex_ilmb_v10_0_synth_1/rfdc_ex_ilmb_v10_0.dcp.
INFO: [IP_Flow 19-6928] IPCACHE: copied cached file c:/Users/tommy/RfSoc/usp_rf_data_converter_0_ex/usp_rf_data_converter_0_ex.cache/ip/2023.2/7/d/7d5c8aa4bdb46df9/rfdc_ex_dlmb_v10_0_sim_netlist.v to c:/Users/tommy/RfSoc/usp_rf_data_converter_0_ex/usp_rf_data_converter_0_ex.runs/rfdc_ex_ilmb_v10_0_synth_1/rfdc_ex_ilmb_v10_0_sim_netlist.v.
INFO: [IP_Flow 19-6928] IPCACHE: copied cached file c:/Users/tommy/RfSoc/usp_rf_data_converter_0_ex/usp_rf_data_converter_0_ex.cache/ip/2023.2/7/d/7d5c8aa4bdb46df9/rfdc_ex_dlmb_v10_0_sim_netlist.vhdl to c:/Users/tommy/RfSoc/usp_rf_data_converter_0_ex/usp_rf_data_converter_0_ex.runs/rfdc_ex_ilmb_v10_0_synth_1/rfdc_ex_ilmb_v10_0_sim_netlist.vhdl.
INFO: [IP_Flow 19-6928] IPCACHE: copied cached file c:/Users/tommy/RfSoc/usp_rf_data_converter_0_ex/usp_rf_data_converter_0_ex.cache/ip/2023.2/7/d/7d5c8aa4bdb46df9/rfdc_ex_dlmb_v10_0_stub.v to c:/Users/tommy/RfSoc/usp_rf_data_converter_0_ex/usp_rf_data_converter_0_ex.runs/rfdc_ex_ilmb_v10_0_synth_1/rfdc_ex_ilmb_v10_0_stub.v.
INFO: [IP_Flow 19-6928] IPCACHE: copied cached file c:/Users/tommy/RfSoc/usp_rf_data_converter_0_ex/usp_rf_data_converter_0_ex.cache/ip/2023.2/7/d/7d5c8aa4bdb46df9/rfdc_ex_dlmb_v10_0_stub.vhdl to c:/Users/tommy/RfSoc/usp_rf_data_converter_0_ex/usp_rf_data_converter_0_ex.runs/rfdc_ex_ilmb_v10_0_synth_1/rfdc_ex_ilmb_v10_0_stub.vhdl.
INFO: [IP_Flow 19-4838] Using cached IP synthesis design for IP rfdc_ex_ilmb_v10_0, cache-ID = 7d5c8aa4bdb46df9.
INFO: [Common 17-206] Exiting Vivado at Thu Mar 21 16:22:22 2024...
